WARNING:py.warnings:/opt/bitnami/apps/edx/edx-platform/lms/djangoapps/courseware/__init__.py:5: DeprecationWarning: Importing 'lms.djangoapps.courseware' as 'courseware' is no longer supported
  warnings.warn("Importing 'lms.djangoapps.courseware' as 'courseware' is no longer supported", DeprecationWarning)

2020-05-19 16:44:46,497 WARNING 7449 [enterprise.utils] utils.py:50 - Could not import Registry from third_party_auth.provider
2020-05-19 16:44:46,497 WARNING 7449 [enterprise.utils] utils.py:51 - cannot import name EnterpriseCustomerUser
[2020-05-19 16:44:56,588: WARNING/MainProcess] /opt/bitnami/apps/edx/venvs/edxapp/lib/python2.7/site-packages/celery/apps/worker.py:161: CDeprecationWarning: 
Starting from version 3.2 Celery will refuse to accept pickle by default.

The pickle serializer is a security concern as it may give attackers
the ability to execute any command.  It's important to secure
your broker from unauthorized access when using pickle, so we think
that enabling pickle should require a deliberate action and not be
the default choice.

If you depend on pickle then you should set a setting to disable this
warning and to be sure that everything will continue working
when you upgrade to Celery 3.2::

    CELERY_ACCEPT_CONTENT = ['pickle', 'json', 'msgpack', 'yaml']

You must only enable the serializers that you will actually use.


  warnings.warn(CDeprecationWarning(W_PICKLE_DEPRECATED))

 
 -------------- celery@edx.cms.core.high.OPenEDX v3.1.25 (Cipater)
---- **** ----- 
--- * ***  * -- Linux-4.15.0-1077-azure-x86_64-with-debian-stretch-sid
-- * - **** --- 
- ** ---------- [config]
- ** ---------- .> app:         proj:0x7f6a1bc8be50
- ** ---------- .> transport:   amqp://bn_edx:**@localhost:5672//
- ** ---------- .> results:     
- *** --- * --- .> concurrency: 1 (prefork)
-- ******* ---- 
--- ***** ----- [queues]
 -------------- .> edx.cms.core.high exchange=edx.cms.core(direct) key=edx.cms.core.high
                

[tasks]
  . celery_utils.tasks.mark_resolved
  . cms.djangoapps.contentstore.tasks.CourseExportTask
  . cms.djangoapps.contentstore.tasks.CourseImportTask
  . cms.djangoapps.contentstore.tasks.async_migrate_transcript
  . cms.djangoapps.contentstore.tasks.async_migrate_transcript_subtask
  . cms.djangoapps.contentstore.tasks.export_olx
  . cms.djangoapps.contentstore.tasks.import_olx
  . cms.djangoapps.contentstore.tasks.push_course_update_task
  . cms.djangoapps.contentstore.tasks.rerun_course
  . cms.djangoapps.contentstore.tasks.task_scrape_youtube_thumbnail
  . cms.djangoapps.contentstore.tasks.task_scrape_youtube_thumbnail_callback
  . cms.djangoapps.contentstore.tasks.task_status_callback
  . cms.djangoapps.contentstore.tasks.update_library_index
  . cms.djangoapps.contentstore.tasks.update_search_index
  . cms_user_tasks.tasks.send_task_complete_email
  . contentstore.tasks.CourseExportTask
  . contentstore.tasks.CourseImportTask
  . contentstore.tasks.async_migrate_transcript
  . contentstore.tasks.async_migrate_transcript_subtask
  . contentstore.tasks.export_olx
  . contentstore.tasks.import_olx
  . contentstore.tasks.push_course_update_task
  . contentstore.tasks.rerun_course
  . contentstore.tasks.task_scrape_youtube_thumbnail
  . contentstore.tasks.task_scrape_youtube_thumbnail_callback
  . contentstore.tasks.task_status_callback
  . contentstore.tasks.update_library_index
  . contentstore.tasks.update_search_index
  . edx_sga.tasks.zip_student_submissions
  . entitlements.tasks.expire_old_entitlements
  . integrated_channels.integrated_channel.tasks.transmit_content_metadata
  . integrated_channels.integrated_channel.tasks.transmit_learner_data
  . integrated_channels.integrated_channel.tasks.unlink_inactive_learners
  . lms.djangoapps.discussion.tasks.send_ace_message
  . lms.djangoapps.discussion.tasks.update_discussions_map
  . lms.djangoapps.email_marketing.tasks.get_email_cookies_via_sailthru
  . lms.djangoapps.email_marketing.tasks.update_course_enrollment
  . lms.djangoapps.email_marketing.tasks.update_user
  . lms.djangoapps.email_marketing.tasks.update_user_email
  . lms.djangoapps.grades.tasks.compute_all_grades_for_course
  . lms.djangoapps.grades.tasks.compute_grades_for_course
  . lms.djangoapps.grades.tasks.compute_grades_for_course_v2
  . lms.djangoapps.grades.tasks.recalculate_course_and_subsection_grades_for_user
  . lms.djangoapps.grades.tasks.recalculate_subsection_grade_v3
  . openedx.core.djangoapps.content.block_structure.tasks.get_course_in_cache
  . openedx.core.djangoapps.content.block_structure.tasks.get_course_in_cache_v2
  . openedx.core.djangoapps.content.block_structure.tasks.update_course_in_cache
  . openedx.core.djangoapps.content.block_structure.tasks.update_course_in_cache_v2
  . openedx.core.djangoapps.coursegraph.tasks.dump_course_to_neo4j
  . openedx.core.djangoapps.credit.tasks.update_credit_course_requirements
  . openedx.core.djangoapps.schedules.tasks.ScheduleCourseUpdate
  . openedx.core.djangoapps.schedules.tasks.ScheduleMessageBaseTask
  . openedx.core.djangoapps.schedules.tasks.ScheduleRecurringNudge
  . openedx.core.djangoapps.schedules.tasks.ScheduleUpgradeReminder
  . openedx.core.djangoapps.schedules.tasks._course_update_schedule_send
  . openedx.core.djangoapps.schedules.tasks._recurring_nudge_schedule_send
  . openedx.core.djangoapps.schedules.tasks._upgrade_reminder_schedule_send
  . openedx.core.djangoapps.schedules.tasks.update_course_schedules
  . openedx.core.djangoapps.service_status.tasks.delayed_ping
  . openedx.cor[2020-05-19 16:44:56,911: INFO/MainProcess] Connected to amqp://bn_edx:**@127.0.0.1:5672//
[2020-05-19 16:44:56,942: INFO/MainProcess] mingle: searching for neighbors
[2020-05-19 16:44:57,983: INFO/MainProcess] mingle: all alone
[2020-05-19 16:44:58,005: WARNING/MainProcess] celery@edx.cms.core.high.OPenEDX ready.
Killed
WARNING:py.warnings:/opt/bitnami/apps/edx/edx-platform/lms/djangoapps/courseware/__init__.py:5: DeprecationWarning: Importing 'lms.djangoapps.courseware' as 'courseware' is no longer supported
  warnings.warn("Importing 'lms.djangoapps.courseware' as 'courseware' is no longer supported", DeprecationWarning)

2020-05-20 03:50:42,916 WARNING 107066 [enterprise.utils] utils.py:50 - Could not import Registry from third_party_auth.provider
2020-05-20 03:50:42,916 WARNING 107066 [enterprise.utils] utils.py:51 - cannot import name EnterpriseCustomerUser
[2020-05-20 03:50:54,300: WARNING/MainProcess] /opt/bitnami/apps/edx/venvs/edxapp/lib/python2.7/site-packages/celery/apps/worker.py:161: CDeprecationWarning: 
Starting from version 3.2 Celery will refuse to accept pickle by default.

The pickle serializer is a security concern as it may give attackers
the ability to execute any command.  It's important to secure
your broker from unauthorized access when using pickle, so we think
that enabling pickle should require a deliberate action and not be
the default choice.

If you depend on pickle then you should set a setting to disable this
warning and to be sure that everything will continue working
when you upgrade to Celery 3.2::

    CELERY_ACCEPT_CONTENT = ['pickle', 'json', 'msgpack', 'yaml']

You must only enable the serializers that you will actually use.


  warnings.warn(CDeprecationWarning(W_PICKLE_DEPRECATED))

 
 -------------- celery@edx.cms.core.high.OPenEDX v3.1.25 (Cipater)
---- **** ----- 
--- * ***  * -- Linux-4.15.0-1077-azure-x86_64-with-debian-stretch-sid
-- * - **** --- 
- ** ---------- [config]
- ** ---------- .> app:         proj:0x7fb806b01e50
- ** ---------- .> transport:   amqp://bn_edx:**@localhost:5672//
- ** ---------- .> results:     
- *** --- * --- .> concurrency: 1 (prefork)
-- ******* ---- 
--- ***** ----- [queues]
 -------------- .> edx.cms.core.high exchange=edx.cms.core(direct) key=edx.cms.core.high
                

[tasks]
  . celery_utils.tasks.mark_resolved
  . cms.djangoapps.contentstore.tasks.CourseExportTask
  . cms.djangoapps.contentstore.tasks.CourseImportTask
  . cms.djangoapps.contentstore.tasks.async_migrate_transcript
  . cms.djangoapps.contentstore.tasks.async_migrate_transcript_subtask
  . cms.djangoapps.contentstore.tasks.export_olx
  . cms.djangoapps.contentstore.tasks.import_olx
  . cms.djangoapps.contentstore.tasks.push_course_update_task
  . cms.djangoapps.contentstore.tasks.rerun_course
  . cms.djangoapps.contentstore.tasks.task_scrape_youtube_thumbnail
  . cms.djangoapps.contentstore.tasks.task_scrape_youtube_thumbnail_callback
  . cms.djangoapps.contentstore.tasks.task_status_callback
  . cms.djangoapps.contentstore.tasks.update_library_index
  . cms.djangoapps.contentstore.tasks.update_search_index
  . cms_user_tasks.tasks.send_task_complete_email
  . contentstore.tasks.CourseExportTask
  . contentstore.tasks.CourseImportTask
  . contentstore.tasks.async_migrate_transcript
  . contentstore.tasks.async_migrate_transcript_subtask
  . contentstore.tasks.export_olx
  . contentstore.tasks.import_olx
  . contentstore.tasks.push_course_update_task
  . contentstore.tasks.rerun_course
  . contentstore.tasks.task_scrape_youtube_thumbnail
  . contentstore.tasks.task_scrape_youtube_thumbnail_callback
  . contentstore.tasks.task_status_callback
  . contentstore.tasks.update_library_index
  . contentstore.tasks.update_search_index
  . edx_sga.tasks.zip_student_submissions
  . entitlements.tasks.expire_old_entitlements
  . integrated_channels.integrated_channel.tasks.transmit_content_metadata
  . integrated_channels.integrated_channel.tasks.transmit_learner_data
  . integrated_channels.integrated_channel.tasks.unlink_inactive_learners
  . lms.djangoapps.discussion.tasks.send_ace_message
  . lms.djangoapps.discussion.tasks.update_discussions_map
  . lms.djangoapps.email_marketing.tasks.get_email_cookies_via_sailthru
  . lms.djangoapps.email_marketing.tasks.update_course_enrollment
  . lms.djangoapps.email_marketing.tasks.update_user
  . lms.djangoapps.email_marketing.tasks.update_user_email
  . lms.djangoapps.grades.tasks.compute_all_grades_for_course
  . lms.djangoapps.grades.tasks.compute_grades_for_course
  . lms.djangoapps.grades.tasks.compute_grades_for_course_v2
  . lms.djangoapps.grades.tasks.recalculate_course_and_subsection_grades_for_user
  . lms.djangoapps.grades.tasks.recalculate_subsection_grade_v3
  . openedx.core.djangoapps.content.block_structure.tasks.get_course_in_cache
  . openedx.core.djangoapps.content.block_structure.tasks.get_course_in_cache_v2
  . openedx.core.djangoapps.content.block_structure.tasks.update_course_in_cache
  . openedx.core.djangoapps.content.block_structure.tasks.update_course_in_cache_v2
  . openedx.core.djangoapps.coursegraph.tasks.dump_course_to_neo4j
  . openedx.core.djangoapps.credit.tasks.update_credit_course_requirements
  . openedx.core.djangoapps.schedules.tasks.ScheduleCourseUpdate
  . openedx.core.djangoapps.schedules.tasks.ScheduleMessageBaseTask
  . openedx.core.djangoapps.schedules.tasks.ScheduleRecurringNudge
  . openedx.core.djangoapps.schedules.tasks.ScheduleUpgradeReminder
  . openedx.core.djangoapps.schedules.tasks._course_update_schedule_send
  . openedx.core.djangoapps.schedules.tasks._recurring_nudge_schedule_send
  . openedx.core.djangoapps.schedules.tasks._upgrade_reminder_schedule_send
  . openedx.core.djangoapps.schedules.tasks.update_course_schedules
  . openedx.core.djangoapps.service_status.tasks.delayed_ping
  . openedx.cor[2020-05-20 03:50:54,833: INFO/MainProcess] Connected to amqp://bn_edx:**@127.0.0.1:5672//
[2020-05-20 03:50:54,880: INFO/MainProcess] mingle: searching for neighbors
[2020-05-20 03:50:55,929: INFO/MainProcess] mingle: sync with 3 nodes
[2020-05-20 03:50:55,931: INFO/MainProcess] mingle: sync complete
[2020-05-20 03:50:55,973: WARNING/MainProcess] celery@edx.cms.core.high.OPenEDX ready.
Killed
WARNING:py.warnings:/opt/bitnami/apps/edx/edx-platform/lms/djangoapps/courseware/__init__.py:5: DeprecationWarning: Importing 'lms.djangoapps.courseware' as 'courseware' is no longer supported
  warnings.warn("Importing 'lms.djangoapps.courseware' as 'courseware' is no longer supported", DeprecationWarning)

2020-05-20 04:14:32,416 WARNING 111145 [enterprise.utils] utils.py:50 - Could not import Registry from third_party_auth.provider
2020-05-20 04:14:32,416 WARNING 111145 [enterprise.utils] utils.py:51 - cannot import name EnterpriseCustomerUser
[2020-05-20 04:14:43,695: WARNING/MainProcess] /opt/bitnami/apps/edx/venvs/edxapp/lib/python2.7/site-packages/celery/apps/worker.py:161: CDeprecationWarning: 
Starting from version 3.2 Celery will refuse to accept pickle by default.

The pickle serializer is a security concern as it may give attackers
the ability to execute any command.  It's important to secure
your broker from unauthorized access when using pickle, so we think
that enabling pickle should require a deliberate action and not be
the default choice.

If you depend on pickle then you should set a setting to disable this
warning and to be sure that everything will continue working
when you upgrade to Celery 3.2::

    CELERY_ACCEPT_CONTENT = ['pickle', 'json', 'msgpack', 'yaml']

You must only enable the serializers that you will actually use.


  warnings.warn(CDeprecationWarning(W_PICKLE_DEPRECATED))

 
 -------------- celery@edx.cms.core.high.OPenEDX v3.1.25 (Cipater)
---- **** ----- 
--- * ***  * -- Linux-4.15.0-1077-azure-x86_64-with-debian-stretch-sid
-- * - **** --- 
- ** ---------- [config]
- ** ---------- .> app:         proj:0x7fd6c7394e50
- ** ---------- .> transport:   amqp://bn_edx:**@localhost:5672//
- ** ---------- .> results:     
- *** --- * --- .> concurrency: 1 (prefork)
-- ******* ---- 
--- ***** ----- [queues]
 -------------- .> edx.cms.core.high exchange=edx.cms.core(direct) key=edx.cms.core.high
                

[tasks]
  . celery_utils.tasks.mark_resolved
  . cms.djangoapps.contentstore.tasks.CourseExportTask
  . cms.djangoapps.contentstore.tasks.CourseImportTask
  . cms.djangoapps.contentstore.tasks.async_migrate_transcript
  . cms.djangoapps.contentstore.tasks.async_migrate_transcript_subtask
  . cms.djangoapps.contentstore.tasks.export_olx
  . cms.djangoapps.contentstore.tasks.import_olx
  . cms.djangoapps.contentstore.tasks.push_course_update_task
  . cms.djangoapps.contentstore.tasks.rerun_course
  . cms.djangoapps.contentstore.tasks.task_scrape_youtube_thumbnail
  . cms.djangoapps.contentstore.tasks.task_scrape_youtube_thumbnail_callback
  . cms.djangoapps.contentstore.tasks.task_status_callback
  . cms.djangoapps.contentstore.tasks.update_library_index
  . cms.djangoapps.contentstore.tasks.update_search_index
  . cms_user_tasks.tasks.send_task_complete_email
  . contentstore.tasks.CourseExportTask
  . contentstore.tasks.CourseImportTask
  . contentstore.tasks.async_migrate_transcript
  . contentstore.tasks.async_migrate_transcript_subtask
  . contentstore.tasks.export_olx
  . contentstore.tasks.import_olx
  . contentstore.tasks.push_course_update_task
  . contentstore.tasks.rerun_course
  . contentstore.tasks.task_scrape_youtube_thumbnail
  . contentstore.tasks.task_scrape_youtube_thumbnail_callback
  . contentstore.tasks.task_status_callback
  . contentstore.tasks.update_library_index
  . contentstore.tasks.update_search_index
  . edx_sga.tasks.zip_student_submissions
  . entitlements.tasks.expire_old_entitlements
  . integrated_channels.integrated_channel.tasks.transmit_content_metadata
  . integrated_channels.integrated_channel.tasks.transmit_learner_data
  . integrated_channels.integrated_channel.tasks.unlink_inactive_learners
  . lms.djangoapps.discussion.tasks.send_ace_message
  . lms.djangoapps.discussion.tasks.update_discussions_map
  . lms.djangoapps.email_marketing.tasks.get_email_cookies_via_sailthru
  . lms.djangoapps.email_marketing.tasks.update_course_enrollment
  . lms.djangoapps.email_marketing.tasks.update_user
  . lms.djangoapps.email_marketing.tasks.update_user_email
  . lms.djangoapps.grades.tasks.compute_all_grades_for_course
  . lms.djangoapps.grades.tasks.compute_grades_for_course
  . lms.djangoapps.grades.tasks.compute_grades_for_course_v2
  . lms.djangoapps.grades.tasks.recalculate_course_and_subsection_grades_for_user
  . lms.djangoapps.grades.tasks.recalculate_subsection_grade_v3
  . openedx.core.djangoapps.content.block_structure.tasks.get_course_in_cache
  . openedx.core.djangoapps.content.block_structure.tasks.get_course_in_cache_v2
  . openedx.core.djangoapps.content.block_structure.tasks.update_course_in_cache
  . openedx.core.djangoapps.content.block_structure.tasks.update_course_in_cache_v2
  . openedx.core.djangoapps.coursegraph.tasks.dump_course_to_neo4j
  . openedx.core.djangoapps.credit.tasks.update_credit_course_requirements
  . openedx.core.djangoapps.schedules.tasks.ScheduleCourseUpdate
  . openedx.core.djangoapps.schedules.tasks.ScheduleMessageBaseTask
  . openedx.core.djangoapps.schedules.tasks.ScheduleRecurringNudge
  . openedx.core.djangoapps.schedules.tasks.ScheduleUpgradeReminder
  . openedx.core.djangoapps.schedules.tasks._course_update_schedule_send
  . openedx.core.djangoapps.schedules.tasks._recurring_nudge_schedule_send
  . openedx.core.djangoapps.schedules.tasks._upgrade_reminder_schedule_send
  . openedx.core.djangoapps.schedules.tasks.update_course_schedules
  . openedx.core.djangoapps.service_status.tasks.delayed_ping
  . openedx.cor[2020-05-20 04:14:44,050: INFO/MainProcess] Connected to amqp://bn_edx:**@127.0.0.1:5672//
[2020-05-20 04:14:44,079: INFO/MainProcess] mingle: searching for neighbors
[2020-05-20 04:14:45,128: INFO/MainProcess] mingle: sync with 3 nodes
[2020-05-20 04:14:45,131: INFO/MainProcess] mingle: sync complete
[2020-05-20 04:14:45,160: WARNING/MainProcess] celery@edx.cms.core.high.OPenEDX ready.
Killed
WARNING:py.warnings:/opt/bitnami/apps/edx/edx-platform/lms/djangoapps/courseware/__init__.py:5: DeprecationWarning: Importing 'lms.djangoapps.courseware' as 'courseware' is no longer supported
  warnings.warn("Importing 'lms.djangoapps.courseware' as 'courseware' is no longer supported", DeprecationWarning)

2020-05-20 04:18:50,826 WARNING 112411 [enterprise.utils] utils.py:50 - Could not import Registry from third_party_auth.provider
2020-05-20 04:18:50,834 WARNING 112411 [enterprise.utils] utils.py:51 - cannot import name EnterpriseCustomerUser
[2020-05-20 04:18:59,920: WARNING/MainProcess] /opt/bitnami/apps/edx/venvs/edxapp/lib/python2.7/site-packages/celery/apps/worker.py:161: CDeprecationWarning: 
Starting from version 3.2 Celery will refuse to accept pickle by default.

The pickle serializer is a security concern as it may give attackers
the ability to execute any command.  It's important to secure
your broker from unauthorized access when using pickle, so we think
that enabling pickle should require a deliberate action and not be
the default choice.

If you depend on pickle then you should set a setting to disable this
warning and to be sure that everything will continue working
when you upgrade to Celery 3.2::

    CELERY_ACCEPT_CONTENT = ['pickle', 'json', 'msgpack', 'yaml']

You must only enable the serializers that you will actually use.


  warnings.warn(CDeprecationWarning(W_PICKLE_DEPRECATED))

 
 -------------- celery@edx.cms.core.high.OPenEDX v3.1.25 (Cipater)
---- **** ----- 
--- * ***  * -- Linux-4.15.0-1077-azure-x86_64-with-debian-stretch-sid
-- * - **** --- 
- ** ---------- [config]
- ** ---------- .> app:         proj:0x7f6cd09c4e50
- ** ---------- .> transport:   amqp://bn_edx:**@localhost:5672//
- ** ---------- .> results:     
- *** --- * --- .> concurrency: 1 (prefork)
-- ******* ---- 
--- ***** ----- [queues]
 -------------- .> edx.cms.core.high exchange=edx.cms.core(direct) key=edx.cms.core.high
                

[tasks]
  . celery_utils.tasks.mark_resolved
  . cms.djangoapps.contentstore.tasks.CourseExportTask
  . cms.djangoapps.contentstore.tasks.CourseImportTask
  . cms.djangoapps.contentstore.tasks.async_migrate_transcript
  . cms.djangoapps.contentstore.tasks.async_migrate_transcript_subtask
  . cms.djangoapps.contentstore.tasks.export_olx
  . cms.djangoapps.contentstore.tasks.import_olx
  . cms.djangoapps.contentstore.tasks.push_course_update_task
  . cms.djangoapps.contentstore.tasks.rerun_course
  . cms.djangoapps.contentstore.tasks.task_scrape_youtube_thumbnail
  . cms.djangoapps.contentstore.tasks.task_scrape_youtube_thumbnail_callback
  . cms.djangoapps.contentstore.tasks.task_status_callback
  . cms.djangoapps.contentstore.tasks.update_library_index
  . cms.djangoapps.contentstore.tasks.update_search_index
  . cms_user_tasks.tasks.send_task_complete_email
  . contentstore.tasks.CourseExportTask
  . contentstore.tasks.CourseImportTask
  . contentstore.tasks.async_migrate_transcript
  . contentstore.tasks.async_migrate_transcript_subtask
  . contentstore.tasks.export_olx
  . contentstore.tasks.import_olx
  . contentstore.tasks.push_course_update_task
  . contentstore.tasks.rerun_course
  . contentstore.tasks.task_scrape_youtube_thumbnail
  . contentstore.tasks.task_scrape_youtube_thumbnail_callback
  . contentstore.tasks.task_status_callback
  . contentstore.tasks.update_library_index
  . contentstore.tasks.update_search_index
  . edx_sga.tasks.zip_student_submissions
  . entitlements.tasks.expire_old_entitlements
  . integrated_channels.integrated_channel.tasks.transmit_content_metadata
  . integrated_channels.integrated_channel.tasks.transmit_learner_data
  . integrated_channels.integrated_channel.tasks.unlink_inactive_learners
  . lms.djangoapps.discussion.tasks.send_ace_message
  . lms.djangoapps.discussion.tasks.update_discussions_map
  . lms.djangoapps.email_marketing.tasks.get_email_cookies_via_sailthru
  . lms.djangoapps.email_marketing.tasks.update_course_enrollment
  . lms.djangoapps.email_marketing.tasks.update_user
  . lms.djangoapps.email_marketing.tasks.update_user_email
  . lms.djangoapps.grades.tasks.compute_all_grades_for_course
  . lms.djangoapps.grades.tasks.compute_grades_for_course
  . lms.djangoapps.grades.tasks.compute_grades_for_course_v2
  . lms.djangoapps.grades.tasks.recalculate_course_and_subsection_grades_for_user
  . lms.djangoapps.grades.tasks.recalculate_subsection_grade_v3
  . openedx.core.djangoapps.content.block_structure.tasks.get_course_in_cache
  . openedx.core.djangoapps.content.block_structure.tasks.get_course_in_cache_v2
  . openedx.core.djangoapps.content.block_structure.tasks.update_course_in_cache
  . openedx.core.djangoapps.content.block_structure.tasks.update_course_in_cache_v2
  . openedx.core.djangoapps.coursegraph.tasks.dump_course_to_neo4j
  . openedx.core.djangoapps.credit.tasks.update_credit_course_requirements
  . openedx.core.djangoapps.schedules.tasks.ScheduleCourseUpdate
  . openedx.core.djangoapps.schedules.tasks.ScheduleMessageBaseTask
  . openedx.core.djangoapps.schedules.tasks.ScheduleRecurringNudge
  . openedx.core.djangoapps.schedules.tasks.ScheduleUpgradeReminder
  . openedx.core.djangoapps.schedules.tasks._course_update_schedule_send
  . openedx.core.djangoapps.schedules.tasks._recurring_nudge_schedule_send
  . openedx.core.djangoapps.schedules.tasks._upgrade_reminder_schedule_send
  . openedx.core.djangoapps.schedules.tasks.update_course_schedules
  . openedx.core.djangoapps.service_status.tasks.delayed_ping
  . openedx.cor[2020-05-20 04:19:00,238: INFO/MainProcess] Connected to amqp://bn_edx:**@127.0.0.1:5672//
[2020-05-20 04:19:00,264: INFO/MainProcess] mingle: searching for neighbors
[2020-05-20 04:19:01,299: INFO/MainProcess] mingle: sync with 1 nodes
[2020-05-20 04:19:01,301: INFO/MainProcess] mingle: sync complete
[2020-05-20 04:19:01,323: WARNING/MainProcess] celery@edx.cms.core.high.OPenEDX ready.
Killed
WARNING:py.warnings:/opt/bitnami/apps/edx/edx-platform/lms/djangoapps/courseware/__init__.py:5: DeprecationWarning: Importing 'lms.djangoapps.courseware' as 'courseware' is no longer supported
  warnings.warn("Importing 'lms.djangoapps.courseware' as 'courseware' is no longer supported", DeprecationWarning)

2020-05-20 05:54:25,264 WARNING 125988 [enterprise.utils] utils.py:50 - Could not import Registry from third_party_auth.provider
2020-05-20 05:54:25,265 WARNING 125988 [enterprise.utils] utils.py:51 - cannot import name EnterpriseCustomerUser
[2020-05-20 05:54:36,750: WARNING/MainProcess] /opt/bitnami/apps/edx/venvs/edxapp/lib/python2.7/site-packages/celery/apps/worker.py:161: CDeprecationWarning: 
Starting from version 3.2 Celery will refuse to accept pickle by default.

The pickle serializer is a security concern as it may give attackers
the ability to execute any command.  It's important to secure
your broker from unauthorized access when using pickle, so we think
that enabling pickle should require a deliberate action and not be
the default choice.

If you depend on pickle then you should set a setting to disable this
warning and to be sure that everything will continue working
when you upgrade to Celery 3.2::

    CELERY_ACCEPT_CONTENT = ['pickle', 'json', 'msgpack', 'yaml']

You must only enable the serializers that you will actually use.


  warnings.warn(CDeprecationWarning(W_PICKLE_DEPRECATED))

 
 -------------- celery@edx.cms.core.high.OPenEDX v3.1.25 (Cipater)
---- **** ----- 
--- * ***  * -- Linux-4.15.0-1077-azure-x86_64-with-debian-stretch-sid
-- * - **** --- 
- ** ---------- [config]
- ** ---------- .> app:         proj:0x7fdffb603e50
- ** ---------- .> transport:   amqp://bn_edx:**@localhost:5672//
- ** ---------- .> results:     
- *** --- * --- .> concurrency: 1 (prefork)
-- ******* ---- 
--- ***** ----- [queues]
 -------------- .> edx.cms.core.high exchange=edx.cms.core(direct) key=edx.cms.core.high
                

[tasks]
  . celery_utils.tasks.mark_resolved
  . cms.djangoapps.contentstore.tasks.CourseExportTask
  . cms.djangoapps.contentstore.tasks.CourseImportTask
  . cms.djangoapps.contentstore.tasks.async_migrate_transcript
  . cms.djangoapps.contentstore.tasks.async_migrate_transcript_subtask
  . cms.djangoapps.contentstore.tasks.export_olx
  . cms.djangoapps.contentstore.tasks.import_olx
  . cms.djangoapps.contentstore.tasks.push_course_update_task
  . cms.djangoapps.contentstore.tasks.rerun_course
  . cms.djangoapps.contentstore.tasks.task_scrape_youtube_thumbnail
  . cms.djangoapps.contentstore.tasks.task_scrape_youtube_thumbnail_callback
  . cms.djangoapps.contentstore.tasks.task_status_callback
  . cms.djangoapps.contentstore.tasks.update_library_index
  . cms.djangoapps.contentstore.tasks.update_search_index
  . cms_user_tasks.tasks.send_task_complete_email
  . contentstore.tasks.CourseExportTask
  . contentstore.tasks.CourseImportTask
  . contentstore.tasks.async_migrate_transcript
  . contentstore.tasks.async_migrate_transcript_subtask
  . contentstore.tasks.export_olx
  . contentstore.tasks.import_olx
  . contentstore.tasks.push_course_update_task
  . contentstore.tasks.rerun_course
  . contentstore.tasks.task_scrape_youtube_thumbnail
  . contentstore.tasks.task_scrape_youtube_thumbnail_callback
  . contentstore.tasks.task_status_callback
  . contentstore.tasks.update_library_index
  . contentstore.tasks.update_search_index
  . edx_sga.tasks.zip_student_submissions
  . entitlements.tasks.expire_old_entitlements
  . integrated_channels.integrated_channel.tasks.transmit_content_metadata
  . integrated_channels.integrated_channel.tasks.transmit_learner_data
  . integrated_channels.integrated_channel.tasks.unlink_inactive_learners
  . lms.djangoapps.discussion.tasks.send_ace_message
  . lms.djangoapps.discussion.tasks.update_discussions_map
  . lms.djangoapps.email_marketing.tasks.get_email_cookies_via_sailthru
  . lms.djangoapps.email_marketing.tasks.update_course_enrollment
  . lms.djangoapps.email_marketing.tasks.update_user
  . lms.djangoapps.email_marketing.tasks.update_user_email
  . lms.djangoapps.grades.tasks.compute_all_grades_for_course
  . lms.djangoapps.grades.tasks.compute_grades_for_course
  . lms.djangoapps.grades.tasks.compute_grades_for_course_v2
  . lms.djangoapps.grades.tasks.recalculate_course_and_subsection_grades_for_user
  . lms.djangoapps.grades.tasks.recalculate_subsection_grade_v3
  . openedx.core.djangoapps.content.block_structure.tasks.get_course_in_cache
  . openedx.core.djangoapps.content.block_structure.tasks.get_course_in_cache_v2
  . openedx.core.djangoapps.content.block_structure.tasks.update_course_in_cache
  . openedx.core.djangoapps.content.block_structure.tasks.update_course_in_cache_v2
  . openedx.core.djangoapps.coursegraph.tasks.dump_course_to_neo4j
  . openedx.core.djangoapps.credit.tasks.update_credit_course_requirements
  . openedx.core.djangoapps.schedules.tasks.ScheduleCourseUpdate
  . openedx.core.djangoapps.schedules.tasks.ScheduleMessageBaseTask
  . openedx.core.djangoapps.schedules.tasks.ScheduleRecurringNudge
  . openedx.core.djangoapps.schedules.tasks.ScheduleUpgradeReminder
  . openedx.core.djangoapps.schedules.tasks._course_update_schedule_send
  . openedx.core.djangoapps.schedules.tasks._recurring_nudge_schedule_send
  . openedx.core.djangoapps.schedules.tasks._upgrade_reminder_schedule_send
  . openedx.core.djangoapps.schedules.tasks.update_course_schedules
  . openedx.core.djangoapps.service_status.tasks.delayed_ping
  . openedx.cor[2020-05-20 05:54:37,306: INFO/MainProcess] Connected to amqp://bn_edx:**@127.0.0.1:5672//
[2020-05-20 05:54:37,343: INFO/MainProcess] mingle: searching for neighbors
[2020-05-20 05:54:38,388: INFO/MainProcess] mingle: sync with 3 nodes
[2020-05-20 05:54:38,390: INFO/MainProcess] mingle: sync complete
[2020-05-20 05:54:38,419: WARNING/MainProcess] celery@edx.cms.core.high.OPenEDX ready.
Killed
WARNING:py.warnings:/opt/bitnami/apps/edx/edx-platform/lms/djangoapps/courseware/__init__.py:5: DeprecationWarning: Importing 'lms.djangoapps.courseware' as 'courseware' is no longer supported
  warnings.warn("Importing 'lms.djangoapps.courseware' as 'courseware' is no longer supported", DeprecationWarning)

2020-05-20 08:14:58,557 WARNING 15083 [enterprise.utils] utils.py:50 - Could not import Registry from third_party_auth.provider
2020-05-20 08:14:58,557 WARNING 15083 [enterprise.utils] utils.py:51 - cannot import name EnterpriseCustomerUser
[2020-05-20 08:15:08,337: WARNING/MainProcess] /opt/bitnami/apps/edx/venvs/edxapp/lib/python2.7/site-packages/celery/apps/worker.py:161: CDeprecationWarning: 
Starting from version 3.2 Celery will refuse to accept pickle by default.

The pickle serializer is a security concern as it may give attackers
the ability to execute any command.  It's important to secure
your broker from unauthorized access when using pickle, so we think
that enabling pickle should require a deliberate action and not be
the default choice.

If you depend on pickle then you should set a setting to disable this
warning and to be sure that everything will continue working
when you upgrade to Celery 3.2::

    CELERY_ACCEPT_CONTENT = ['pickle', 'json', 'msgpack', 'yaml']

You must only enable the serializers that you will actually use.


  warnings.warn(CDeprecationWarning(W_PICKLE_DEPRECATED))

 
 -------------- celery@edx.cms.core.high.OPenEDX v3.1.25 (Cipater)
---- **** ----- 
--- * ***  * -- Linux-4.15.0-1077-azure-x86_64-with-debian-stretch-sid
-- * - **** --- 
- ** ---------- [config]
- ** ---------- .> app:         proj:0x7f2e63631e10
- ** ---------- .> transport:   amqp://bn_edx:**@localhost:5672//
- ** ---------- .> results:     
- *** --- * --- .> concurrency: 1 (prefork)
-- ******* ---- 
--- ***** ----- [queues]
 -------------- .> edx.cms.core.high exchange=edx.cms.core(direct) key=edx.cms.core.high
                

[tasks]
  . celery_utils.tasks.mark_resolved
  . cms.djangoapps.contentstore.tasks.CourseExportTask
  . cms.djangoapps.contentstore.tasks.CourseImportTask
  . cms.djangoapps.contentstore.tasks.async_migrate_transcript
  . cms.djangoapps.contentstore.tasks.async_migrate_transcript_subtask
  . cms.djangoapps.contentstore.tasks.export_olx
  . cms.djangoapps.contentstore.tasks.import_olx
  . cms.djangoapps.contentstore.tasks.push_course_update_task
  . cms.djangoapps.contentstore.tasks.rerun_course
  . cms.djangoapps.contentstore.tasks.task_scrape_youtube_thumbnail
  . cms.djangoapps.contentstore.tasks.task_scrape_youtube_thumbnail_callback
  . cms.djangoapps.contentstore.tasks.task_status_callback
  . cms.djangoapps.contentstore.tasks.update_library_index
  . cms.djangoapps.contentstore.tasks.update_search_index
  . cms_user_tasks.tasks.send_task_complete_email
  . contentstore.tasks.CourseExportTask
  . contentstore.tasks.CourseImportTask
  . contentstore.tasks.async_migrate_transcript
  . contentstore.tasks.async_migrate_transcript_subtask
  . contentstore.tasks.export_olx
  . contentstore.tasks.import_olx
  . contentstore.tasks.push_course_update_task
  . contentstore.tasks.rerun_course
  . contentstore.tasks.task_scrape_youtube_thumbnail
  . contentstore.tasks.task_scrape_youtube_thumbnail_callback
  . contentstore.tasks.task_status_callback
  . contentstore.tasks.update_library_index
  . contentstore.tasks.update_search_index
  . edx_sga.tasks.zip_student_submissions
  . entitlements.tasks.expire_old_entitlements
  . integrated_channels.integrated_channel.tasks.transmit_content_metadata
  . integrated_channels.integrated_channel.tasks.transmit_learner_data
  . integrated_channels.integrated_channel.tasks.unlink_inactive_learners
  . lms.djangoapps.discussion.tasks.send_ace_message
  . lms.djangoapps.discussion.tasks.update_discussions_map
  . lms.djangoapps.email_marketing.tasks.get_email_cookies_via_sailthru
  . lms.djangoapps.email_marketing.tasks.update_course_enrollment
  . lms.djangoapps.email_marketing.tasks.update_user
  . lms.djangoapps.email_marketing.tasks.update_user_email
  . lms.djangoapps.grades.tasks.compute_all_grades_for_course
  . lms.djangoapps.grades.tasks.compute_grades_for_course
  . lms.djangoapps.grades.tasks.compute_grades_for_course_v2
  . lms.djangoapps.grades.tasks.recalculate_course_and_subsection_grades_for_user
  . lms.djangoapps.grades.tasks.recalculate_subsection_grade_v3
  . openedx.core.djangoapps.content.block_structure.tasks.get_course_in_cache
  . openedx.core.djangoapps.content.block_structure.tasks.get_course_in_cache_v2
  . openedx.core.djangoapps.content.block_structure.tasks.update_course_in_cache
  . openedx.core.djangoapps.content.block_structure.tasks.update_course_in_cache_v2
  . openedx.core.djangoapps.coursegraph.tasks.dump_course_to_neo4j
  . openedx.core.djangoapps.credit.tasks.update_credit_course_requirements
  . openedx.core.djangoapps.schedules.tasks.ScheduleCourseUpdate
  . openedx.core.djangoapps.schedules.tasks.ScheduleMessageBaseTask
  . openedx.core.djangoapps.schedules.tasks.ScheduleRecurringNudge
  . openedx.core.djangoapps.schedules.tasks.ScheduleUpgradeReminder
  . openedx.core.djangoapps.schedules.tasks._course_update_schedule_send
  . openedx.core.djangoapps.schedules.tasks._recurring_nudge_schedule_send
  . openedx.core.djangoapps.schedules.tasks._upgrade_reminder_schedule_send
  . openedx.core.djangoapps.schedules.tasks.update_course_schedules
  . openedx.core.djangoapps.service_status.tasks.delayed_ping
  . openedx.cor[2020-05-20 08:15:08,657: INFO/MainProcess] Connected to amqp://bn_edx:**@127.0.0.1:5672//
[2020-05-20 08:15:08,702: INFO/MainProcess] mingle: searching for neighbors
[2020-05-20 08:15:09,746: INFO/MainProcess] mingle: sync with 1 nodes
[2020-05-20 08:15:09,747: INFO/MainProcess] mingle: sync complete
[2020-05-20 08:15:09,779: WARNING/MainProcess] celery@edx.cms.core.high.OPenEDX ready.
Killed
WARNING:py.warnings:/opt/bitnami/apps/edx/edx-platform/lms/djangoapps/courseware/__init__.py:5: DeprecationWarning: Importing 'lms.djangoapps.courseware' as 'courseware' is no longer supported
  warnings.warn("Importing 'lms.djangoapps.courseware' as 'courseware' is no longer supported", DeprecationWarning)

2020-05-21 04:39:44,820 WARNING 28282 [enterprise.utils] utils.py:50 - Could not import Registry from third_party_auth.provider
2020-05-21 04:39:44,820 WARNING 28282 [enterprise.utils] utils.py:51 - cannot import name EnterpriseCustomerUser
[2020-05-21 04:39:55,793: WARNING/MainProcess] /opt/bitnami/apps/edx/venvs/edxapp/lib/python2.7/site-packages/celery/apps/worker.py:161: CDeprecationWarning: 
Starting from version 3.2 Celery will refuse to accept pickle by default.

The pickle serializer is a security concern as it may give attackers
the ability to execute any command.  It's important to secure
your broker from unauthorized access when using pickle, so we think
that enabling pickle should require a deliberate action and not be
the default choice.

If you depend on pickle then you should set a setting to disable this
warning and to be sure that everything will continue working
when you upgrade to Celery 3.2::

    CELERY_ACCEPT_CONTENT = ['pickle', 'json', 'msgpack', 'yaml']

You must only enable the serializers that you will actually use.


  warnings.warn(CDeprecationWarning(W_PICKLE_DEPRECATED))

 
 -------------- celery@edx.cms.core.high.OPenEDX v3.1.25 (Cipater)
---- **** ----- 
--- * ***  * -- Linux-4.15.0-1077-azure-x86_64-with-debian-stretch-sid
-- * - **** --- 
- ** ---------- [config]
- ** ---------- .> app:         proj:0x7f4b154dae50
- ** ---------- .> transport:   amqp://bn_edx:**@localhost:5672//
- ** ---------- .> results:     
- *** --- * --- .> concurrency: 1 (prefork)
-- ******* ---- 
--- ***** ----- [queues]
 -------------- .> edx.cms.core.high exchange=edx.cms.core(direct) key=edx.cms.core.high
                

[tasks]
  . celery_utils.tasks.mark_resolved
  . cms.djangoapps.contentstore.tasks.CourseExportTask
  . cms.djangoapps.contentstore.tasks.CourseImportTask
  . cms.djangoapps.contentstore.tasks.async_migrate_transcript
  . cms.djangoapps.contentstore.tasks.async_migrate_transcript_subtask
  . cms.djangoapps.contentstore.tasks.export_olx
  . cms.djangoapps.contentstore.tasks.import_olx
  . cms.djangoapps.contentstore.tasks.push_course_update_task
  . cms.djangoapps.contentstore.tasks.rerun_course
  . cms.djangoapps.contentstore.tasks.task_scrape_youtube_thumbnail
  . cms.djangoapps.contentstore.tasks.task_scrape_youtube_thumbnail_callback
  . cms.djangoapps.contentstore.tasks.task_status_callback
  . cms.djangoapps.contentstore.tasks.update_library_index
  . cms.djangoapps.contentstore.tasks.update_search_index
  . cms_user_tasks.tasks.send_task_complete_email
  . contentstore.tasks.CourseExportTask
  . contentstore.tasks.CourseImportTask
  . contentstore.tasks.async_migrate_transcript
  . contentstore.tasks.async_migrate_transcript_subtask
  . contentstore.tasks.export_olx
  . contentstore.tasks.import_olx
  . contentstore.tasks.push_course_update_task
  . contentstore.tasks.rerun_course
  . contentstore.tasks.task_scrape_youtube_thumbnail
  . contentstore.tasks.task_scrape_youtube_thumbnail_callback
  . contentstore.tasks.task_status_callback
  . contentstore.tasks.update_library_index
  . contentstore.tasks.update_search_index
  . edx_sga.tasks.zip_student_submissions
  . entitlements.tasks.expire_old_entitlements
  . integrated_channels.integrated_channel.tasks.transmit_content_metadata
  . integrated_channels.integrated_channel.tasks.transmit_learner_data
  . integrated_channels.integrated_channel.tasks.unlink_inactive_learners
  . lms.djangoapps.discussion.tasks.send_ace_message
  . lms.djangoapps.discussion.tasks.update_discussions_map
  . lms.djangoapps.email_marketing.tasks.get_email_cookies_via_sailthru
  . lms.djangoapps.email_marketing.tasks.update_course_enrollment
  . lms.djangoapps.email_marketing.tasks.update_user
  . lms.djangoapps.email_marketing.tasks.update_user_email
  . lms.djangoapps.grades.tasks.compute_all_grades_for_course
  . lms.djangoapps.grades.tasks.compute_grades_for_course
  . lms.djangoapps.grades.tasks.compute_grades_for_course_v2
  . lms.djangoapps.grades.tasks.recalculate_course_and_subsection_grades_for_user
  . lms.djangoapps.grades.tasks.recalculate_subsection_grade_v3
  . openedx.core.djangoapps.content.block_structure.tasks.get_course_in_cache
  . openedx.core.djangoapps.content.block_structure.tasks.get_course_in_cache_v2
  . openedx.core.djangoapps.content.block_structure.tasks.update_course_in_cache
  . openedx.core.djangoapps.content.block_structure.tasks.update_course_in_cache_v2
  . openedx.core.djangoapps.coursegraph.tasks.dump_course_to_neo4j
  . openedx.core.djangoapps.credit.tasks.update_credit_course_requirements
  . openedx.core.djangoapps.schedules.tasks.ScheduleCourseUpdate
  . openedx.core.djangoapps.schedules.tasks.ScheduleMessageBaseTask
  . openedx.core.djangoapps.schedules.tasks.ScheduleRecurringNudge
  . openedx.core.djangoapps.schedules.tasks.ScheduleUpgradeReminder
  . openedx.core.djangoapps.schedules.tasks._course_update_schedule_send
  . openedx.core.djangoapps.schedules.tasks._recurring_nudge_schedule_send
  . openedx.core.djangoapps.schedules.tasks._upgrade_reminder_schedule_send
  . openedx.core.djangoapps.schedules.tasks.update_course_schedules
  . openedx.core.djangoapps.service_status.tasks.delayed_ping
  . openedx.cor[2020-05-21 04:39:56,262: INFO/MainProcess] Connected to amqp://bn_edx:**@127.0.0.1:5672//
[2020-05-21 04:39:56,302: INFO/MainProcess] mingle: searching for neighbors
[2020-05-21 04:39:57,355: INFO/MainProcess] mingle: sync with 3 nodes
[2020-05-21 04:39:57,357: INFO/MainProcess] mingle: sync complete
[2020-05-21 04:39:57,392: WARNING/MainProcess] celery@edx.cms.core.high.OPenEDX ready.
Killed
WARNING:py.warnings:/opt/bitnami/apps/edx/edx-platform/lms/djangoapps/courseware/__init__.py:5: DeprecationWarning: Importing 'lms.djangoapps.courseware' as 'courseware' is no longer supported
  warnings.warn("Importing 'lms.djangoapps.courseware' as 'courseware' is no longer supported", DeprecationWarning)

2020-05-21 04:44:09,942 WARNING 29858 [enterprise.utils] utils.py:50 - Could not import Registry from third_party_auth.provider
2020-05-21 04:44:09,942 WARNING 29858 [enterprise.utils] utils.py:51 - cannot import name EnterpriseCustomerUser
[2020-05-21 04:44:19,420: WARNING/MainProcess] /opt/bitnami/apps/edx/venvs/edxapp/lib/python2.7/site-packages/celery/apps/worker.py:161: CDeprecationWarning: 
Starting from version 3.2 Celery will refuse to accept pickle by default.

The pickle serializer is a security concern as it may give attackers
the ability to execute any command.  It's important to secure
your broker from unauthorized access when using pickle, so we think
that enabling pickle should require a deliberate action and not be
the default choice.

If you depend on pickle then you should set a setting to disable this
warning and to be sure that everything will continue working
when you upgrade to Celery 3.2::

    CELERY_ACCEPT_CONTENT = ['pickle', 'json', 'msgpack', 'yaml']

You must only enable the serializers that you will actually use.


  warnings.warn(CDeprecationWarning(W_PICKLE_DEPRECATED))

 
 -------------- celery@edx.cms.core.high.OPenEDX v3.1.25 (Cipater)
---- **** ----- 
--- * ***  * -- Linux-4.15.0-1077-azure-x86_64-with-debian-stretch-sid
-- * - **** --- 
- ** ---------- [config]
- ** ---------- .> app:         proj:0x7f8bb49a0e50
- ** ---------- .> transport:   amqp://bn_edx:**@localhost:5672//
- ** ---------- .> results:     
- *** --- * --- .> concurrency: 1 (prefork)
-- ******* ---- 
--- ***** ----- [queues]
 -------------- .> edx.cms.core.high exchange=edx.cms.core(direct) key=edx.cms.core.high
                

[tasks]
  . celery_utils.tasks.mark_resolved
  . cms.djangoapps.contentstore.tasks.CourseExportTask
  . cms.djangoapps.contentstore.tasks.CourseImportTask
  . cms.djangoapps.contentstore.tasks.async_migrate_transcript
  . cms.djangoapps.contentstore.tasks.async_migrate_transcript_subtask
  . cms.djangoapps.contentstore.tasks.export_olx
  . cms.djangoapps.contentstore.tasks.import_olx
  . cms.djangoapps.contentstore.tasks.push_course_update_task
  . cms.djangoapps.contentstore.tasks.rerun_course
  . cms.djangoapps.contentstore.tasks.task_scrape_youtube_thumbnail
  . cms.djangoapps.contentstore.tasks.task_scrape_youtube_thumbnail_callback
  . cms.djangoapps.contentstore.tasks.task_status_callback
  . cms.djangoapps.contentstore.tasks.update_library_index
  . cms.djangoapps.contentstore.tasks.update_search_index
  . cms_user_tasks.tasks.send_task_complete_email
  . contentstore.tasks.CourseExportTask
  . contentstore.tasks.CourseImportTask
  . contentstore.tasks.async_migrate_transcript
  . contentstore.tasks.async_migrate_transcript_subtask
  . contentstore.tasks.export_olx
  . contentstore.tasks.import_olx
  . contentstore.tasks.push_course_update_task
  . contentstore.tasks.rerun_course
  . contentstore.tasks.task_scrape_youtube_thumbnail
  . contentstore.tasks.task_scrape_youtube_thumbnail_callback
  . contentstore.tasks.task_status_callback
  . contentstore.tasks.update_library_index
  . contentstore.tasks.update_search_index
  . edx_sga.tasks.zip_student_submissions
  . entitlements.tasks.expire_old_entitlements
  . integrated_channels.integrated_channel.tasks.transmit_content_metadata
  . integrated_channels.integrated_channel.tasks.transmit_learner_data
  . integrated_channels.integrated_channel.tasks.unlink_inactive_learners
  . lms.djangoapps.discussion.tasks.send_ace_message
  . lms.djangoapps.discussion.tasks.update_discussions_map
  . lms.djangoapps.email_marketing.tasks.get_email_cookies_via_sailthru
  . lms.djangoapps.email_marketing.tasks.update_course_enrollment
  . lms.djangoapps.email_marketing.tasks.update_user
  . lms.djangoapps.email_marketing.tasks.update_user_email
  . lms.djangoapps.grades.tasks.compute_all_grades_for_course
  . lms.djangoapps.grades.tasks.compute_grades_for_course
  . lms.djangoapps.grades.tasks.compute_grades_for_course_v2
  . lms.djangoapps.grades.tasks.recalculate_course_and_subsection_grades_for_user
  . lms.djangoapps.grades.tasks.recalculate_subsection_grade_v3
  . openedx.core.djangoapps.content.block_structure.tasks.get_course_in_cache
  . openedx.core.djangoapps.content.block_structure.tasks.get_course_in_cache_v2
  . openedx.core.djangoapps.content.block_structure.tasks.update_course_in_cache
  . openedx.core.djangoapps.content.block_structure.tasks.update_course_in_cache_v2
  . openedx.core.djangoapps.coursegraph.tasks.dump_course_to_neo4j
  . openedx.core.djangoapps.credit.tasks.update_credit_course_requirements
  . openedx.core.djangoapps.schedules.tasks.ScheduleCourseUpdate
  . openedx.core.djangoapps.schedules.tasks.ScheduleMessageBaseTask
  . openedx.core.djangoapps.schedules.tasks.ScheduleRecurringNudge
  . openedx.core.djangoapps.schedules.tasks.ScheduleUpgradeReminder
  . openedx.core.djangoapps.schedules.tasks._course_update_schedule_send
  . openedx.core.djangoapps.schedules.tasks._recurring_nudge_schedule_send
  . openedx.core.djangoapps.schedules.tasks._upgrade_reminder_schedule_send
  . openedx.core.djangoapps.schedules.tasks.update_course_schedules
  . openedx.core.djangoapps.service_status.tasks.delayed_ping
  . openedx.cor[2020-05-21 04:44:19,737: INFO/MainProcess] Connected to amqp://bn_edx:**@127.0.0.1:5672//
[2020-05-21 04:44:19,790: INFO/MainProcess] mingle: searching for neighbors
[2020-05-21 04:44:20,855: INFO/MainProcess] mingle: sync with 1 nodes
[2020-05-21 04:44:20,857: INFO/MainProcess] mingle: sync complete
[2020-05-21 04:44:20,883: WARNING/MainProcess] celery@edx.cms.core.high.OPenEDX ready.
Killed
WARNING:py.warnings:/opt/bitnami/apps/edx/edx-platform/lms/djangoapps/courseware/__init__.py:5: DeprecationWarning: Importing 'lms.djangoapps.courseware' as 'courseware' is no longer supported
  warnings.warn("Importing 'lms.djangoapps.courseware' as 'courseware' is no longer supported", DeprecationWarning)

2020-05-21 05:21:02,831 WARNING 36195 [enterprise.utils] utils.py:50 - Could not import Registry from third_party_auth.provider
2020-05-21 05:21:02,831 WARNING 36195 [enterprise.utils] utils.py:51 - cannot import name EnterpriseCustomerUser
[2020-05-21 05:21:14,171: WARNING/MainProcess] /opt/bitnami/apps/edx/venvs/edxapp/lib/python2.7/site-packages/celery/apps/worker.py:161: CDeprecationWarning: 
Starting from version 3.2 Celery will refuse to accept pickle by default.

The pickle serializer is a security concern as it may give attackers
the ability to execute any command.  It's important to secure
your broker from unauthorized access when using pickle, so we think
that enabling pickle should require a deliberate action and not be
the default choice.

If you depend on pickle then you should set a setting to disable this
warning and to be sure that everything will continue working
when you upgrade to Celery 3.2::

    CELERY_ACCEPT_CONTENT = ['pickle', 'json', 'msgpack', 'yaml']

You must only enable the serializers that you will actually use.


  warnings.warn(CDeprecationWarning(W_PICKLE_DEPRECATED))

 
 -------------- celery@edx.cms.core.high.OPenEDX v3.1.25 (Cipater)
---- **** ----- 
--- * ***  * -- Linux-4.15.0-1077-azure-x86_64-with-debian-stretch-sid
-- * - **** --- 
- ** ---------- [config]
- ** ---------- .> app:         proj:0x7fda47a4fe50
- ** ---------- .> transport:   amqp://bn_edx:**@localhost:5672//
- ** ---------- .> results:     
- *** --- * --- .> concurrency: 1 (prefork)
-- ******* ---- 
--- ***** ----- [queues]
 -------------- .> edx.cms.core.high exchange=edx.cms.core(direct) key=edx.cms.core.high
                

[tasks]
  . celery_utils.tasks.mark_resolved
  . cms.djangoapps.contentstore.tasks.CourseExportTask
  . cms.djangoapps.contentstore.tasks.CourseImportTask
  . cms.djangoapps.contentstore.tasks.async_migrate_transcript
  . cms.djangoapps.contentstore.tasks.async_migrate_transcript_subtask
  . cms.djangoapps.contentstore.tasks.export_olx
  . cms.djangoapps.contentstore.tasks.import_olx
  . cms.djangoapps.contentstore.tasks.push_course_update_task
  . cms.djangoapps.contentstore.tasks.rerun_course
  . cms.djangoapps.contentstore.tasks.task_scrape_youtube_thumbnail
  . cms.djangoapps.contentstore.tasks.task_scrape_youtube_thumbnail_callback
  . cms.djangoapps.contentstore.tasks.task_status_callback
  . cms.djangoapps.contentstore.tasks.update_library_index
  . cms.djangoapps.contentstore.tasks.update_search_index
  . cms_user_tasks.tasks.send_task_complete_email
  . contentstore.tasks.CourseExportTask
  . contentstore.tasks.CourseImportTask
  . contentstore.tasks.async_migrate_transcript
  . contentstore.tasks.async_migrate_transcript_subtask
  . contentstore.tasks.export_olx
  . contentstore.tasks.import_olx
  . contentstore.tasks.push_course_update_task
  . contentstore.tasks.rerun_course
  . contentstore.tasks.task_scrape_youtube_thumbnail
  . contentstore.tasks.task_scrape_youtube_thumbnail_callback
  . contentstore.tasks.task_status_callback
  . contentstore.tasks.update_library_index
  . contentstore.tasks.update_search_index
  . edx_sga.tasks.zip_student_submissions
  . entitlements.tasks.expire_old_entitlements
  . integrated_channels.integrated_channel.tasks.transmit_content_metadata
  . integrated_channels.integrated_channel.tasks.transmit_learner_data
  . integrated_channels.integrated_channel.tasks.unlink_inactive_learners
  . lms.djangoapps.discussion.tasks.send_ace_message
  . lms.djangoapps.discussion.tasks.update_discussions_map
  . lms.djangoapps.email_marketing.tasks.get_email_cookies_via_sailthru
  . lms.djangoapps.email_marketing.tasks.update_course_enrollment
  . lms.djangoapps.email_marketing.tasks.update_user
  . lms.djangoapps.email_marketing.tasks.update_user_email
  . lms.djangoapps.grades.tasks.compute_all_grades_for_course
  . lms.djangoapps.grades.tasks.compute_grades_for_course
  . lms.djangoapps.grades.tasks.compute_grades_for_course_v2
  . lms.djangoapps.grades.tasks.recalculate_course_and_subsection_grades_for_user
  . lms.djangoapps.grades.tasks.recalculate_subsection_grade_v3
  . openedx.core.djangoapps.content.block_structure.tasks.get_course_in_cache
  . openedx.core.djangoapps.content.block_structure.tasks.get_course_in_cache_v2
  . openedx.core.djangoapps.content.block_structure.tasks.update_course_in_cache
  . openedx.core.djangoapps.content.block_structure.tasks.update_course_in_cache_v2
  . openedx.core.djangoapps.coursegraph.tasks.dump_course_to_neo4j
  . openedx.core.djangoapps.credit.tasks.update_credit_course_requirements
  . openedx.core.djangoapps.schedules.tasks.ScheduleCourseUpdate
  . openedx.core.djangoapps.schedules.tasks.ScheduleMessageBaseTask
  . openedx.core.djangoapps.schedules.tasks.ScheduleRecurringNudge
  . openedx.core.djangoapps.schedules.tasks.ScheduleUpgradeReminder
  . openedx.core.djangoapps.schedules.tasks._course_update_schedule_send
  . openedx.core.djangoapps.schedules.tasks._recurring_nudge_schedule_send
  . openedx.core.djangoapps.schedules.tasks._upgrade_reminder_schedule_send
  . openedx.core.djangoapps.schedules.tasks.update_course_schedules
  . openedx.core.djangoapps.service_status.tasks.delayed_ping
  . openedx.cor[2020-05-21 05:21:14,555: INFO/MainProcess] Connected to amqp://bn_edx:**@127.0.0.1:5672//
[2020-05-21 05:21:14,578: INFO/MainProcess] mingle: searching for neighbors
[2020-05-21 05:21:15,616: INFO/MainProcess] mingle: sync with 3 nodes
[2020-05-21 05:21:15,617: INFO/MainProcess] mingle: sync complete
[2020-05-21 05:21:15,641: WARNING/MainProcess] celery@edx.cms.core.high.OPenEDX ready.
