WARNING:py.warnings:/opt/bitnami/apps/edx/edx-platform/lms/djangoapps/courseware/__init__.py:5: DeprecationWarning: Importing 'lms.djangoapps.courseware' as 'courseware' is no longer supported
  warnings.warn("Importing 'lms.djangoapps.courseware' as 'courseware' is no longer supported", DeprecationWarning)

2020-05-19 16:44:45,778 WARNING 7434 [enterprise.utils] utils.py:50 - Could not import Registry from third_party_auth.provider
2020-05-19 16:44:45,778 WARNING 7434 [enterprise.utils] utils.py:51 - cannot import name EnterpriseCustomerUser
[2020-05-19 16:44:56,502: WARNING/MainProcess] /opt/bitnami/apps/edx/venvs/edxapp/lib/python2.7/site-packages/celery/apps/worker.py:161: CDeprecationWarning: 
Starting from version 3.2 Celery will refuse to accept pickle by default.

The pickle serializer is a security concern as it may give attackers
the ability to execute any command.  It's important to secure
your broker from unauthorized access when using pickle, so we think
that enabling pickle should require a deliberate action and not be
the default choice.

If you depend on pickle then you should set a setting to disable this
warning and to be sure that everything will continue working
when you upgrade to Celery 3.2::

    CELERY_ACCEPT_CONTENT = ['pickle', 'json', 'msgpack', 'yaml']

You must only enable the serializers that you will actually use.


  warnings.warn(CDeprecationWarning(W_PICKLE_DEPRECATED))

 
 -------------- celery@edx.cms.core.default.OPenEDX v3.1.25 (Cipater)
---- **** ----- 
--- * ***  * -- Linux-4.15.0-1077-azure-x86_64-with-debian-stretch-sid
-- * - **** --- 
- ** ---------- [config]
- ** ---------- .> app:         proj:0x7f5ead0f2e10
- ** ---------- .> transport:   amqp://bn_edx:**@localhost:5672//
- ** ---------- .> results:     
- *** --- * --- .> concurrency: 1 (prefork)
-- ******* ---- 
--- ***** ----- [queues]
 -------------- .> edx.cms.core.default exchange=edx.cms.core(direct) key=edx.cms.core.default
                

[tasks]
  . celery_utils.tasks.mark_resolved
  . cms.djangoapps.contentstore.tasks.CourseExportTask
  . cms.djangoapps.contentstore.tasks.CourseImportTask
  . cms.djangoapps.contentstore.tasks.async_migrate_transcript
  . cms.djangoapps.contentstore.tasks.async_migrate_transcript_subtask
  . cms.djangoapps.contentstore.tasks.export_olx
  . cms.djangoapps.contentstore.tasks.import_olx
  . cms.djangoapps.contentstore.tasks.push_course_update_task
  . cms.djangoapps.contentstore.tasks.rerun_course
  . cms.djangoapps.contentstore.tasks.task_scrape_youtube_thumbnail
  . cms.djangoapps.contentstore.tasks.task_scrape_youtube_thumbnail_callback
  . cms.djangoapps.contentstore.tasks.task_status_callback
  . cms.djangoapps.contentstore.tasks.update_library_index
  . cms.djangoapps.contentstore.tasks.update_search_index
  . cms_user_tasks.tasks.send_task_complete_email
  . contentstore.tasks.CourseExportTask
  . contentstore.tasks.CourseImportTask
  . contentstore.tasks.async_migrate_transcript
  . contentstore.tasks.async_migrate_transcript_subtask
  . contentstore.tasks.export_olx
  . contentstore.tasks.import_olx
  . contentstore.tasks.push_course_update_task
  . contentstore.tasks.rerun_course
  . contentstore.tasks.task_scrape_youtube_thumbnail
  . contentstore.tasks.task_scrape_youtube_thumbnail_callback
  . contentstore.tasks.task_status_callback
  . contentstore.tasks.update_library_index
  . contentstore.tasks.update_search_index
  . edx_sga.tasks.zip_student_submissions
  . entitlements.tasks.expire_old_entitlements
  . integrated_channels.integrated_channel.tasks.transmit_content_metadata
  . integrated_channels.integrated_channel.tasks.transmit_learner_data
  . integrated_channels.integrated_channel.tasks.unlink_inactive_learners
  . lms.djangoapps.discussion.tasks.send_ace_message
  . lms.djangoapps.discussion.tasks.update_discussions_map
  . lms.djangoapps.email_marketing.tasks.get_email_cookies_via_sailthru
  . lms.djangoapps.email_marketing.tasks.update_course_enrollment
  . lms.djangoapps.email_marketing.tasks.update_user
  . lms.djangoapps.email_marketing.tasks.update_user_email
  . lms.djangoapps.grades.tasks.compute_all_grades_for_course
  . lms.djangoapps.grades.tasks.compute_grades_for_course
  . lms.djangoapps.grades.tasks.compute_grades_for_course_v2
  . lms.djangoapps.grades.tasks.recalculate_course_and_subsection_grades_for_user
  . lms.djangoapps.grades.tasks.recalculate_subsection_grade_v3
  . openedx.core.djangoapps.content.block_structure.tasks.get_course_in_cache
  . openedx.core.djangoapps.content.block_structure.tasks.get_course_in_cache_v2
  . openedx.core.djangoapps.content.block_structure.tasks.update_course_in_cache
  . openedx.core.djangoapps.content.block_structure.tasks.update_course_in_cache_v2
  . openedx.core.djangoapps.coursegraph.tasks.dump_course_to_neo4j
  . openedx.core.djangoapps.credit.tasks.update_credit_course_requirements
  . openedx.core.djangoapps.schedules.tasks.ScheduleCourseUpdate
  . openedx.core.djangoapps.schedules.tasks.ScheduleMessageBaseTask
  . openedx.core.djangoapps.schedules.tasks.ScheduleRecurringNudge
  . openedx.core.djangoapps.schedules.tasks.ScheduleUpgradeReminder
  . openedx.core.djangoapps.schedules.tasks._course_update_schedule_send
  . openedx.core.djangoapps.schedules.tasks._recurring_nudge_schedule_send
  . openedx.core.djangoapps.schedules.tasks._upgrade_reminder_schedule_send
  . openedx.core.djangoapps.schedules.tasks.update_course_schedules
  . openedx.core.djangoapps.service_status.tasks.delayed_ping
  . op[2020-05-19 16:44:56,823: INFO/MainProcess] Connected to amqp://bn_edx:**@127.0.0.1:5672//
[2020-05-19 16:44:56,851: INFO/MainProcess] mingle: searching for neighbors
[2020-05-19 16:44:57,889: INFO/MainProcess] mingle: all alone
[2020-05-19 16:44:57,920: WARNING/MainProcess] celery@edx.cms.core.default.OPenEDX ready.
[2020-05-19 17:16:40,403: INFO/MainProcess] Received task: student.tasks.send_activation_email[79f9ea73-e792-4b31-9872-85dfcebe7612]
[2020-05-19 17:16:40,417: ERROR/Worker-1] Unable to send activation email to user from "{}" to "redi15marku@gmail.com"
Traceback (most recent call last):
  File "/opt/bitnami/apps/edx/edx-platform/common/djangoapps/student/tasks.py", line 23, in send_activation_email
    mail.send_mail(subject, message, from_address, [dest_addr], fail_silently=False)
  File "/opt/bitnami/apps/edx/venvs/edxapp/lib/python2.7/site-packages/django/core/mail/__init__.py", line 62, in send_mail
    return mail.send()
  File "/opt/bitnami/apps/edx/venvs/edxapp/lib/python2.7/site-packages/django/core/mail/message.py", line 348, in send
    return self.get_connection(fail_silently).send_messages([self])
  File "/opt/bitnami/apps/edx/venvs/edxapp/lib/python2.7/site-packages/django/core/mail/backends/smtp.py", line 111, in send_messages
    sent = self._send(message)
  File "/opt/bitnami/apps/edx/venvs/edxapp/lib/python2.7/site-packages/django/core/mail/backends/smtp.py", line 127, in _send
    self.connection.sendmail(from_email, recipients, message.as_bytes(linesep='\r\n'))
  File "/opt/bitnami/python/lib/python2.7/smtplib.py", line 724, in sendmail
    self.ehlo_or_helo_if_needed()
  File "/opt/bitnami/python/lib/python2.7/smtplib.py", line 543, in ehlo_or_helo_if_needed
    if not (200 <= self.ehlo()[0] <= 299):
  File "/opt/bitnami/python/lib/python2.7/smtplib.py", line 414, in ehlo
    self.putcmd(self.ehlo_msg, name or self.local_hostname)
  File "/opt/bitnami/python/lib/python2.7/smtplib.py", line 342, in putcmd
    self.send(str)
  File "/opt/bitnami/python/lib/python2.7/smtplib.py", line 334, in send
    raise SMTPServerDisconnected('please run connect() first')
SMTPServerDisconnected: please run connect() first
[2020-05-19 17:16:40,423: ERROR/MainProcess] Task student.tasks.send_activation_email[79f9ea73-e792-4b31-9872-85dfcebe7612] raised unexpected: Exception()
Traceback (most recent call last):
  File "/opt/bitnami/apps/edx/venvs/edxapp/lib/python2.7/site-packages/celery/app/trace.py", line 240, in trace_task
    R = retval = fun(*args, **kwargs)
  File "/opt/bitnami/apps/edx/venvs/edxapp/lib/python2.7/site-packages/celery/app/trace.py", line 438, in __protected_call__
    return self.run(*args, **kwargs)
  File "/opt/bitnami/apps/edx/edx-platform/common/djangoapps/student/tasks.py", line 50, in send_activation_email
    raise Exception
Exception
Killed
WARNING:py.warnings:/opt/bitnami/apps/edx/edx-platform/lms/djangoapps/courseware/__init__.py:5: DeprecationWarning: Importing 'lms.djangoapps.courseware' as 'courseware' is no longer supported
  warnings.warn("Importing 'lms.djangoapps.courseware' as 'courseware' is no longer supported", DeprecationWarning)

2020-05-20 03:50:42,938 WARNING 107050 [enterprise.utils] utils.py:50 - Could not import Registry from third_party_auth.provider
2020-05-20 03:50:42,939 WARNING 107050 [enterprise.utils] utils.py:51 - cannot import name EnterpriseCustomerUser
[2020-05-20 03:50:54,416: WARNING/MainProcess] /opt/bitnami/apps/edx/venvs/edxapp/lib/python2.7/site-packages/celery/apps/worker.py:161: CDeprecationWarning: 
Starting from version 3.2 Celery will refuse to accept pickle by default.

The pickle serializer is a security concern as it may give attackers
the ability to execute any command.  It's important to secure
your broker from unauthorized access when using pickle, so we think
that enabling pickle should require a deliberate action and not be
the default choice.

If you depend on pickle then you should set a setting to disable this
warning and to be sure that everything will continue working
when you upgrade to Celery 3.2::

    CELERY_ACCEPT_CONTENT = ['pickle', 'json', 'msgpack', 'yaml']

You must only enable the serializers that you will actually use.


  warnings.warn(CDeprecationWarning(W_PICKLE_DEPRECATED))

 
 -------------- celery@edx.cms.core.default.OPenEDX v3.1.25 (Cipater)
---- **** ----- 
--- * ***  * -- Linux-4.15.0-1077-azure-x86_64-with-debian-stretch-sid
-- * - **** --- 
- ** ---------- [config]
- ** ---------- .> app:         proj:0x7fd1e9320e10
- ** ---------- .> transport:   amqp://bn_edx:**@localhost:5672//
- ** ---------- .> results:     
- *** --- * --- .> concurrency: 1 (prefork)
-- ******* ---- 
--- ***** ----- [queues]
 -------------- .> edx.cms.core.default exchange=edx.cms.core(direct) key=edx.cms.core.default
                

[tasks]
  . celery_utils.tasks.mark_resolved
  . cms.djangoapps.contentstore.tasks.CourseExportTask
  . cms.djangoapps.contentstore.tasks.CourseImportTask
  . cms.djangoapps.contentstore.tasks.async_migrate_transcript
  . cms.djangoapps.contentstore.tasks.async_migrate_transcript_subtask
  . cms.djangoapps.contentstore.tasks.export_olx
  . cms.djangoapps.contentstore.tasks.import_olx
  . cms.djangoapps.contentstore.tasks.push_course_update_task
  . cms.djangoapps.contentstore.tasks.rerun_course
  . cms.djangoapps.contentstore.tasks.task_scrape_youtube_thumbnail
  . cms.djangoapps.contentstore.tasks.task_scrape_youtube_thumbnail_callback
  . cms.djangoapps.contentstore.tasks.task_status_callback
  . cms.djangoapps.contentstore.tasks.update_library_index
  . cms.djangoapps.contentstore.tasks.update_search_index
  . cms_user_tasks.tasks.send_task_complete_email
  . contentstore.tasks.CourseExportTask
  . contentstore.tasks.CourseImportTask
  . contentstore.tasks.async_migrate_transcript
  . contentstore.tasks.async_migrate_transcript_subtask
  . contentstore.tasks.export_olx
  . contentstore.tasks.import_olx
  . contentstore.tasks.push_course_update_task
  . contentstore.tasks.rerun_course
  . contentstore.tasks.task_scrape_youtube_thumbnail
  . contentstore.tasks.task_scrape_youtube_thumbnail_callback
  . contentstore.tasks.task_status_callback
  . contentstore.tasks.update_library_index
  . contentstore.tasks.update_search_index
  . edx_sga.tasks.zip_student_submissions
  . entitlements.tasks.expire_old_entitlements
  . integrated_channels.integrated_channel.tasks.transmit_content_metadata
  . integrated_channels.integrated_channel.tasks.transmit_learner_data
  . integrated_channels.integrated_channel.tasks.unlink_inactive_learners
  . lms.djangoapps.discussion.tasks.send_ace_message
  . lms.djangoapps.discussion.tasks.update_discussions_map
  . lms.djangoapps.email_marketing.tasks.get_email_cookies_via_sailthru
  . lms.djangoapps.email_marketing.tasks.update_course_enrollment
  . lms.djangoapps.email_marketing.tasks.update_user
  . lms.djangoapps.email_marketing.tasks.update_user_email
  . lms.djangoapps.grades.tasks.compute_all_grades_for_course
  . lms.djangoapps.grades.tasks.compute_grades_for_course
  . lms.djangoapps.grades.tasks.compute_grades_for_course_v2
  . lms.djangoapps.grades.tasks.recalculate_course_and_subsection_grades_for_user
  . lms.djangoapps.grades.tasks.recalculate_subsection_grade_v3
  . openedx.core.djangoapps.content.block_structure.tasks.get_course_in_cache
  . openedx.core.djangoapps.content.block_structure.tasks.get_course_in_cache_v2
  . openedx.core.djangoapps.content.block_structure.tasks.update_course_in_cache
  . openedx.core.djangoapps.content.block_structure.tasks.update_course_in_cache_v2
  . openedx.core.djangoapps.coursegraph.tasks.dump_course_to_neo4j
  . openedx.core.djangoapps.credit.tasks.update_credit_course_requirements
  . openedx.core.djangoapps.schedules.tasks.ScheduleCourseUpdate
  . openedx.core.djangoapps.schedules.tasks.ScheduleMessageBaseTask
  . openedx.core.djangoapps.schedules.tasks.ScheduleRecurringNudge
  . openedx.core.djangoapps.schedules.tasks.ScheduleUpgradeReminder
  . openedx.core.djangoapps.schedules.tasks._course_update_schedule_send
  . openedx.core.djangoapps.schedules.tasks._recurring_nudge_schedule_send
  . openedx.core.djangoapps.schedules.tasks._upgrade_reminder_schedule_send
  . openedx.core.djangoapps.schedules.tasks.update_course_schedules
  . openedx.core.djangoapps.service_status.tasks.delayed_ping
  . op[2020-05-20 03:50:54,808: INFO/MainProcess] Connected to amqp://bn_edx:**@127.0.0.1:5672//
[2020-05-20 03:50:54,843: INFO/MainProcess] mingle: searching for neighbors
[2020-05-20 03:50:55,883: INFO/MainProcess] mingle: sync with 3 nodes
[2020-05-20 03:50:55,885: INFO/MainProcess] mingle: sync complete
[2020-05-20 03:50:55,948: WARNING/MainProcess] celery@edx.cms.core.default.OPenEDX ready.
Killed
WARNING:py.warnings:/opt/bitnami/apps/edx/edx-platform/lms/djangoapps/courseware/__init__.py:5: DeprecationWarning: Importing 'lms.djangoapps.courseware' as 'courseware' is no longer supported
  warnings.warn("Importing 'lms.djangoapps.courseware' as 'courseware' is no longer supported", DeprecationWarning)

2020-05-20 04:14:32,426 WARNING 111122 [enterprise.utils] utils.py:50 - Could not import Registry from third_party_auth.provider
2020-05-20 04:14:32,427 WARNING 111122 [enterprise.utils] utils.py:51 - cannot import name EnterpriseCustomerUser
[2020-05-20 04:14:43,342: WARNING/MainProcess] /opt/bitnami/apps/edx/venvs/edxapp/lib/python2.7/site-packages/celery/apps/worker.py:161: CDeprecationWarning: 
Starting from version 3.2 Celery will refuse to accept pickle by default.

The pickle serializer is a security concern as it may give attackers
the ability to execute any command.  It's important to secure
your broker from unauthorized access when using pickle, so we think
that enabling pickle should require a deliberate action and not be
the default choice.

If you depend on pickle then you should set a setting to disable this
warning and to be sure that everything will continue working
when you upgrade to Celery 3.2::

    CELERY_ACCEPT_CONTENT = ['pickle', 'json', 'msgpack', 'yaml']

You must only enable the serializers that you will actually use.


  warnings.warn(CDeprecationWarning(W_PICKLE_DEPRECATED))

 
 -------------- celery@edx.cms.core.default.OPenEDX v3.1.25 (Cipater)
---- **** ----- 
--- * ***  * -- Linux-4.15.0-1077-azure-x86_64-with-debian-stretch-sid
-- * - **** --- 
- ** ---------- [config]
- ** ---------- .> app:         proj:0x7f203cfcee10
- ** ---------- .> transport:   amqp://bn_edx:**@localhost:5672//
- ** ---------- .> results:     
- *** --- * --- .> concurrency: 1 (prefork)
-- ******* ---- 
--- ***** ----- [queues]
 -------------- .> edx.cms.core.default exchange=edx.cms.core(direct) key=edx.cms.core.default
                

[tasks]
  . celery_utils.tasks.mark_resolved
  . cms.djangoapps.contentstore.tasks.CourseExportTask
  . cms.djangoapps.contentstore.tasks.CourseImportTask
  . cms.djangoapps.contentstore.tasks.async_migrate_transcript
  . cms.djangoapps.contentstore.tasks.async_migrate_transcript_subtask
  . cms.djangoapps.contentstore.tasks.export_olx
  . cms.djangoapps.contentstore.tasks.import_olx
  . cms.djangoapps.contentstore.tasks.push_course_update_task
  . cms.djangoapps.contentstore.tasks.rerun_course
  . cms.djangoapps.contentstore.tasks.task_scrape_youtube_thumbnail
  . cms.djangoapps.contentstore.tasks.task_scrape_youtube_thumbnail_callback
  . cms.djangoapps.contentstore.tasks.task_status_callback
  . cms.djangoapps.contentstore.tasks.update_library_index
  . cms.djangoapps.contentstore.tasks.update_search_index
  . cms_user_tasks.tasks.send_task_complete_email
  . contentstore.tasks.CourseExportTask
  . contentstore.tasks.CourseImportTask
  . contentstore.tasks.async_migrate_transcript
  . contentstore.tasks.async_migrate_transcript_subtask
  . contentstore.tasks.export_olx
  . contentstore.tasks.import_olx
  . contentstore.tasks.push_course_update_task
  . contentstore.tasks.rerun_course
  . contentstore.tasks.task_scrape_youtube_thumbnail
  . contentstore.tasks.task_scrape_youtube_thumbnail_callback
  . contentstore.tasks.task_status_callback
  . contentstore.tasks.update_library_index
  . contentstore.tasks.update_search_index
  . edx_sga.tasks.zip_student_submissions
  . entitlements.tasks.expire_old_entitlements
  . integrated_channels.integrated_channel.tasks.transmit_content_metadata
  . integrated_channels.integrated_channel.tasks.transmit_learner_data
  . integrated_channels.integrated_channel.tasks.unlink_inactive_learners
  . lms.djangoapps.discussion.tasks.send_ace_message
  . lms.djangoapps.discussion.tasks.update_discussions_map
  . lms.djangoapps.email_marketing.tasks.get_email_cookies_via_sailthru
  . lms.djangoapps.email_marketing.tasks.update_course_enrollment
  . lms.djangoapps.email_marketing.tasks.update_user
  . lms.djangoapps.email_marketing.tasks.update_user_email
  . lms.djangoapps.grades.tasks.compute_all_grades_for_course
  . lms.djangoapps.grades.tasks.compute_grades_for_course
  . lms.djangoapps.grades.tasks.compute_grades_for_course_v2
  . lms.djangoapps.grades.tasks.recalculate_course_and_subsection_grades_for_user
  . lms.djangoapps.grades.tasks.recalculate_subsection_grade_v3
  . openedx.core.djangoapps.content.block_structure.tasks.get_course_in_cache
  . openedx.core.djangoapps.content.block_structure.tasks.get_course_in_cache_v2
  . openedx.core.djangoapps.content.block_structure.tasks.update_course_in_cache
  . openedx.core.djangoapps.content.block_structure.tasks.update_course_in_cache_v2
  . openedx.core.djangoapps.coursegraph.tasks.dump_course_to_neo4j
  . openedx.core.djangoapps.credit.tasks.update_credit_course_requirements
  . openedx.core.djangoapps.schedules.tasks.ScheduleCourseUpdate
  . openedx.core.djangoapps.schedules.tasks.ScheduleMessageBaseTask
  . openedx.core.djangoapps.schedules.tasks.ScheduleRecurringNudge
  . openedx.core.djangoapps.schedules.tasks.ScheduleUpgradeReminder
  . openedx.core.djangoapps.schedules.tasks._course_update_schedule_send
  . openedx.core.djangoapps.schedules.tasks._recurring_nudge_schedule_send
  . openedx.core.djangoapps.schedules.tasks._upgrade_reminder_schedule_send
  . openedx.core.djangoapps.schedules.tasks.update_course_schedules
  . openedx.core.djangoapps.service_status.tasks.delayed_ping
  . op[2020-05-20 04:14:43,829: INFO/MainProcess] Connected to amqp://bn_edx:**@127.0.0.1:5672//
[2020-05-20 04:14:43,860: INFO/MainProcess] mingle: searching for neighbors
[2020-05-20 04:14:44,910: INFO/MainProcess] mingle: sync with 3 nodes
[2020-05-20 04:14:44,914: INFO/MainProcess] mingle: sync complete
[2020-05-20 04:14:44,941: WARNING/MainProcess] celery@edx.cms.core.default.OPenEDX ready.
Killed
WARNING:py.warnings:/opt/bitnami/apps/edx/edx-platform/lms/djangoapps/courseware/__init__.py:5: DeprecationWarning: Importing 'lms.djangoapps.courseware' as 'courseware' is no longer supported
  warnings.warn("Importing 'lms.djangoapps.courseware' as 'courseware' is no longer supported", DeprecationWarning)

2020-05-20 04:18:51,007 WARNING 112387 [enterprise.utils] utils.py:50 - Could not import Registry from third_party_auth.provider
2020-05-20 04:18:51,007 WARNING 112387 [enterprise.utils] utils.py:51 - cannot import name EnterpriseCustomerUser
[2020-05-20 04:19:00,092: WARNING/MainProcess] /opt/bitnami/apps/edx/venvs/edxapp/lib/python2.7/site-packages/celery/apps/worker.py:161: CDeprecationWarning: 
Starting from version 3.2 Celery will refuse to accept pickle by default.

The pickle serializer is a security concern as it may give attackers
the ability to execute any command.  It's important to secure
your broker from unauthorized access when using pickle, so we think
that enabling pickle should require a deliberate action and not be
the default choice.

If you depend on pickle then you should set a setting to disable this
warning and to be sure that everything will continue working
when you upgrade to Celery 3.2::

    CELERY_ACCEPT_CONTENT = ['pickle', 'json', 'msgpack', 'yaml']

You must only enable the serializers that you will actually use.


  warnings.warn(CDeprecationWarning(W_PICKLE_DEPRECATED))

 
 -------------- celery@edx.cms.core.default.OPenEDX v3.1.25 (Cipater)
---- **** ----- 
--- * ***  * -- Linux-4.15.0-1077-azure-x86_64-with-debian-stretch-sid
-- * - **** --- 
- ** ---------- [config]
- ** ---------- .> app:         proj:0x7f4136938e10
- ** ---------- .> transport:   amqp://bn_edx:**@localhost:5672//
- ** ---------- .> results:     
- *** --- * --- .> concurrency: 1 (prefork)
-- ******* ---- 
--- ***** ----- [queues]
 -------------- .> edx.cms.core.default exchange=edx.cms.core(direct) key=edx.cms.core.default
                

[tasks]
  . celery_utils.tasks.mark_resolved
  . cms.djangoapps.contentstore.tasks.CourseExportTask
  . cms.djangoapps.contentstore.tasks.CourseImportTask
  . cms.djangoapps.contentstore.tasks.async_migrate_transcript
  . cms.djangoapps.contentstore.tasks.async_migrate_transcript_subtask
  . cms.djangoapps.contentstore.tasks.export_olx
  . cms.djangoapps.contentstore.tasks.import_olx
  . cms.djangoapps.contentstore.tasks.push_course_update_task
  . cms.djangoapps.contentstore.tasks.rerun_course
  . cms.djangoapps.contentstore.tasks.task_scrape_youtube_thumbnail
  . cms.djangoapps.contentstore.tasks.task_scrape_youtube_thumbnail_callback
  . cms.djangoapps.contentstore.tasks.task_status_callback
  . cms.djangoapps.contentstore.tasks.update_library_index
  . cms.djangoapps.contentstore.tasks.update_search_index
  . cms_user_tasks.tasks.send_task_complete_email
  . contentstore.tasks.CourseExportTask
  . contentstore.tasks.CourseImportTask
  . contentstore.tasks.async_migrate_transcript
  . contentstore.tasks.async_migrate_transcript_subtask
  . contentstore.tasks.export_olx
  . contentstore.tasks.import_olx
  . contentstore.tasks.push_course_update_task
  . contentstore.tasks.rerun_course
  . contentstore.tasks.task_scrape_youtube_thumbnail
  . contentstore.tasks.task_scrape_youtube_thumbnail_callback
  . contentstore.tasks.task_status_callback
  . contentstore.tasks.update_library_index
  . contentstore.tasks.update_search_index
  . edx_sga.tasks.zip_student_submissions
  . entitlements.tasks.expire_old_entitlements
  . integrated_channels.integrated_channel.tasks.transmit_content_metadata
  . integrated_channels.integrated_channel.tasks.transmit_learner_data
  . integrated_channels.integrated_channel.tasks.unlink_inactive_learners
  . lms.djangoapps.discussion.tasks.send_ace_message
  . lms.djangoapps.discussion.tasks.update_discussions_map
  . lms.djangoapps.email_marketing.tasks.get_email_cookies_via_sailthru
  . lms.djangoapps.email_marketing.tasks.update_course_enrollment
  . lms.djangoapps.email_marketing.tasks.update_user
  . lms.djangoapps.email_marketing.tasks.update_user_email
  . lms.djangoapps.grades.tasks.compute_all_grades_for_course
  . lms.djangoapps.grades.tasks.compute_grades_for_course
  . lms.djangoapps.grades.tasks.compute_grades_for_course_v2
  . lms.djangoapps.grades.tasks.recalculate_course_and_subsection_grades_for_user
  . lms.djangoapps.grades.tasks.recalculate_subsection_grade_v3
  . openedx.core.djangoapps.content.block_structure.tasks.get_course_in_cache
  . openedx.core.djangoapps.content.block_structure.tasks.get_course_in_cache_v2
  . openedx.core.djangoapps.content.block_structure.tasks.update_course_in_cache
  . openedx.core.djangoapps.content.block_structure.tasks.update_course_in_cache_v2
  . openedx.core.djangoapps.coursegraph.tasks.dump_course_to_neo4j
  . openedx.core.djangoapps.credit.tasks.update_credit_course_requirements
  . openedx.core.djangoapps.schedules.tasks.ScheduleCourseUpdate
  . openedx.core.djangoapps.schedules.tasks.ScheduleMessageBaseTask
  . openedx.core.djangoapps.schedules.tasks.ScheduleRecurringNudge
  . openedx.core.djangoapps.schedules.tasks.ScheduleUpgradeReminder
  . openedx.core.djangoapps.schedules.tasks._course_update_schedule_send
  . openedx.core.djangoapps.schedules.tasks._recurring_nudge_schedule_send
  . openedx.core.djangoapps.schedules.tasks._upgrade_reminder_schedule_send
  . openedx.core.djangoapps.schedules.tasks.update_course_schedules
  . openedx.core.djangoapps.service_status.tasks.delayed_ping
  . op[2020-05-20 04:19:00,442: INFO/MainProcess] Connected to amqp://bn_edx:**@127.0.0.1:5672//
[2020-05-20 04:19:00,464: INFO/MainProcess] mingle: searching for neighbors
[2020-05-20 04:19:01,503: INFO/MainProcess] mingle: sync with 3 nodes
[2020-05-20 04:19:01,504: INFO/MainProcess] mingle: sync complete
[2020-05-20 04:19:01,528: WARNING/MainProcess] celery@edx.cms.core.default.OPenEDX ready.
[2020-05-20 05:31:33,191: INFO/MainProcess] Received task: student.tasks.send_activation_email[93ba9c3b-9c3f-4aaf-a292-a4114bc48bf2]
[2020-05-20 05:31:35,556: INFO/Worker-1] Activation Email has been sent to User redian0marku@gmail.com
[2020-05-20 05:31:35,558: INFO/MainProcess] Task student.tasks.send_activation_email[93ba9c3b-9c3f-4aaf-a292-a4114bc48bf2] succeeded in 2.364786505s: None
[2020-05-20 05:35:27,852: INFO/MainProcess] Received task: lms.djangoapps.discussion.tasks.update_discussions_map[2c292412-9c77-4ac7-896d-61ae4cc315c0] eta:[2020-05-20 05:35:57.837205-04:00]
[2020-05-20 05:35:27,874: ERROR/MainProcess] Received unregistered task of type u'openedx.core.djangoapps.bookmarks.tasks.update_xblock_cache'.
The message has been ignored and discarded.

Did you remember to import the module containing this task?
Or maybe you are using relative imports?
Please see http://bit.ly/gLye1c for more information.

The full contents of the message body was:
{u'utc': True, u'chord': None, u'args': [u'course-v1:ReadyDev+CS001+CS001'], u'retries': 0, u'expires': None, u'task': u'openedx.core.djangoapps.bookmarks.tasks.update_xblock_cache', u'callbacks': None, u'errbacks': None, u'timelimit': [None, None], u'taskset': None, u'kwargs': {}, u'eta': None, u'id': u'e017c4b3-e0e2-49a9-87be-98fb56c77c1f'} (328b)
Traceback (most recent call last):
  File "/opt/bitnami/apps/edx/venvs/edxapp/lib/python2.7/site-packages/celery/worker/consumer.py", line 465, in on_task_received
    strategies[type_](message, body,
KeyError: u'openedx.core.djangoapps.bookmarks.tasks.update_xblock_cache'
[2020-05-20 05:35:32,228: INFO/MainProcess] Received task: lms.djangoapps.discussion.tasks.update_discussions_map[c04e4e52-eb60-47bc-917c-7e96d27cf384] eta:[2020-05-20 05:36:02.212629-04:00]
[2020-05-20 05:35:32,249: ERROR/MainProcess] Received unregistered task of type u'openedx.core.djangoapps.bookmarks.tasks.update_xblock_cache'.
The message has been ignored and discarded.

Did you remember to import the module containing this task?
Or maybe you are using relative imports?
Please see http://bit.ly/gLye1c for more information.

The full contents of the message body was:
{u'utc': True, u'chord': None, u'args': [u'course-v1:ReadyDev+CS001+CS001'], u'retries': 0, u'expires': None, u'task': u'openedx.core.djangoapps.bookmarks.tasks.update_xblock_cache', u'callbacks': None, u'errbacks': None, u'timelimit': [None, None], u'taskset': None, u'kwargs': {}, u'eta': None, u'id': u'f8397fc4-00fb-45c6-9dc5-c5d0e2207be5'} (328b)
Traceback (most recent call last):
  File "/opt/bitnami/apps/edx/venvs/edxapp/lib/python2.7/site-packages/celery/worker/consumer.py", line 465, in on_task_received
    strategies[type_](message, body,
KeyError: u'openedx.core.djangoapps.bookmarks.tasks.update_xblock_cache'
[2020-05-20 05:35:58,763: INFO/MainProcess] Task lms.djangoapps.discussion.tasks.update_discussions_map[2c292412-9c77-4ac7-896d-61ae4cc315c0] succeeded in 0.151555723001s: None
[2020-05-20 05:36:02,653: INFO/MainProcess] Task lms.djangoapps.discussion.tasks.update_discussions_map[c04e4e52-eb60-47bc-917c-7e96d27cf384] succeeded in 0.034849828s: None
[2020-05-20 05:38:26,718: INFO/MainProcess] Received task: lms.djangoapps.discussion.tasks.update_discussions_map[b892a85f-fe72-4bad-a69b-2e1f317d2a53] eta:[2020-05-20 05:38:56.705322-04:00]
[2020-05-20 05:38:26,747: ERROR/MainProcess] Received unregistered task of type u'openedx.core.djangoapps.bookmarks.tasks.update_xblock_cache'.
The message has been ignored and discarded.

Did you remember to import the module containing this task?
Or maybe you are using relative imports?
Please see http://bit.ly/gLye1c for more information.

The full contents of the message body was:
{u'utc': True, u'chord': None, u'args': [u'course-v1:ReadyDev+CS001+CS001'], u'retries': 0, u'expires': None, u'task': u'openedx.core.djangoapps.bookmarks.tasks.update_xblock_cache', u'callbacks': None, u'errbacks': None, u'timelimit': [None, None], u'taskset': None, u'kwargs': {}, u'eta': None, u'id': u'66c0eaf1-35d2-4854-8ece-b2a74f13d90a'} (328b)
Traceback (most recent call last):
  File "/opt/bitnami/apps/edx/venvs/edxapp/lib/python2.7/site-packages/celery/worker/consumer.py", line 465, in on_task_received
    strategies[type_](message, body,
KeyError: u'openedx.core.djangoapps.bookmarks.tasks.update_xblock_cache'
[2020-05-20 05:38:47,924: INFO/MainProcess] Received task: lms.djangoapps.discussion.tasks.update_discussions_map[692da5c6-06c0-47a1-a579-8fee3bde37c4] eta:[2020-05-20 05:39:17.910820-04:00]
[2020-05-20 05:38:47,942: ERROR/MainProcess] Received unregistered task of type u'openedx.core.djangoapps.bookmarks.tasks.update_xblock_cache'.
The message has been ignored and discarded.

Did you remember to import the module containing this task?
Or maybe you are using relative imports?
Please see http://bit.ly/gLye1c for more information.

The full contents of the message body was:
{u'utc': True, u'chord': None, u'args': [u'course-v1:ReadyDev+CS001+CS001'], u'retries': 0, u'expires': None, u'task': u'openedx.core.djangoapps.bookmarks.tasks.update_xblock_cache', u'callbacks': None, u'errbacks': None, u'timelimit': [None, None], u'taskset': None, u'kwargs': {}, u'eta': None, u'id': u'14a38cec-4846-4f31-8f6c-1022c5d594c1'} (328b)
Traceback (most recent call last):
  File "/opt/bitnami/apps/edx/venvs/edxapp/lib/python2.7/site-packages/celery/worker/consumer.py", line 465, in on_task_received
    strategies[type_](message, body,
KeyError: u'openedx.core.djangoapps.bookmarks.tasks.update_xblock_cache'
[2020-05-20 05:38:56,794: INFO/MainProcess] Task lms.djangoapps.discussion.tasks.update_discussions_map[b892a85f-fe72-4bad-a69b-2e1f317d2a53] succeeded in 0.0397503080021s: None
[2020-05-20 05:39:18,810: INFO/MainProcess] Task lms.djangoapps.discussion.tasks.update_discussions_map[692da5c6-06c0-47a1-a579-8fee3bde37c4] succeeded in 0.0389458060017s: None
Killed
WARNING:py.warnings:/opt/bitnami/apps/edx/edx-platform/lms/djangoapps/courseware/__init__.py:5: DeprecationWarning: Importing 'lms.djangoapps.courseware' as 'courseware' is no longer supported
  warnings.warn("Importing 'lms.djangoapps.courseware' as 'courseware' is no longer supported", DeprecationWarning)

2020-05-20 05:54:25,249 WARNING 125964 [enterprise.utils] utils.py:50 - Could not import Registry from third_party_auth.provider
2020-05-20 05:54:25,249 WARNING 125964 [enterprise.utils] utils.py:51 - cannot import name EnterpriseCustomerUser
[2020-05-20 05:54:36,609: WARNING/MainProcess] /opt/bitnami/apps/edx/venvs/edxapp/lib/python2.7/site-packages/celery/apps/worker.py:161: CDeprecationWarning: 
Starting from version 3.2 Celery will refuse to accept pickle by default.

The pickle serializer is a security concern as it may give attackers
the ability to execute any command.  It's important to secure
your broker from unauthorized access when using pickle, so we think
that enabling pickle should require a deliberate action and not be
the default choice.

If you depend on pickle then you should set a setting to disable this
warning and to be sure that everything will continue working
when you upgrade to Celery 3.2::

    CELERY_ACCEPT_CONTENT = ['pickle', 'json', 'msgpack', 'yaml']

You must only enable the serializers that you will actually use.


  warnings.warn(CDeprecationWarning(W_PICKLE_DEPRECATED))

 
 -------------- celery@edx.cms.core.default.OPenEDX v3.1.25 (Cipater)
---- **** ----- 
--- * ***  * -- Linux-4.15.0-1077-azure-x86_64-with-debian-stretch-sid
-- * - **** --- 
- ** ---------- [config]
- ** ---------- .> app:         proj:0x7f14e3065e10
- ** ---------- .> transport:   amqp://bn_edx:**@localhost:5672//
- ** ---------- .> results:     
- *** --- * --- .> concurrency: 1 (prefork)
-- ******* ---- 
--- ***** ----- [queues]
 -------------- .> edx.cms.core.default exchange=edx.cms.core(direct) key=edx.cms.core.default
                

[tasks]
  . celery_utils.tasks.mark_resolved
  . cms.djangoapps.contentstore.tasks.CourseExportTask
  . cms.djangoapps.contentstore.tasks.CourseImportTask
  . cms.djangoapps.contentstore.tasks.async_migrate_transcript
  . cms.djangoapps.contentstore.tasks.async_migrate_transcript_subtask
  . cms.djangoapps.contentstore.tasks.export_olx
  . cms.djangoapps.contentstore.tasks.import_olx
  . cms.djangoapps.contentstore.tasks.push_course_update_task
  . cms.djangoapps.contentstore.tasks.rerun_course
  . cms.djangoapps.contentstore.tasks.task_scrape_youtube_thumbnail
  . cms.djangoapps.contentstore.tasks.task_scrape_youtube_thumbnail_callback
  . cms.djangoapps.contentstore.tasks.task_status_callback
  . cms.djangoapps.contentstore.tasks.update_library_index
  . cms.djangoapps.contentstore.tasks.update_search_index
  . cms_user_tasks.tasks.send_task_complete_email
  . contentstore.tasks.CourseExportTask
  . contentstore.tasks.CourseImportTask
  . contentstore.tasks.async_migrate_transcript
  . contentstore.tasks.async_migrate_transcript_subtask
  . contentstore.tasks.export_olx
  . contentstore.tasks.import_olx
  . contentstore.tasks.push_course_update_task
  . contentstore.tasks.rerun_course
  . contentstore.tasks.task_scrape_youtube_thumbnail
  . contentstore.tasks.task_scrape_youtube_thumbnail_callback
  . contentstore.tasks.task_status_callback
  . contentstore.tasks.update_library_index
  . contentstore.tasks.update_search_index
  . edx_sga.tasks.zip_student_submissions
  . entitlements.tasks.expire_old_entitlements
  . integrated_channels.integrated_channel.tasks.transmit_content_metadata
  . integrated_channels.integrated_channel.tasks.transmit_learner_data
  . integrated_channels.integrated_channel.tasks.unlink_inactive_learners
  . lms.djangoapps.discussion.tasks.send_ace_message
  . lms.djangoapps.discussion.tasks.update_discussions_map
  . lms.djangoapps.email_marketing.tasks.get_email_cookies_via_sailthru
  . lms.djangoapps.email_marketing.tasks.update_course_enrollment
  . lms.djangoapps.email_marketing.tasks.update_user
  . lms.djangoapps.email_marketing.tasks.update_user_email
  . lms.djangoapps.grades.tasks.compute_all_grades_for_course
  . lms.djangoapps.grades.tasks.compute_grades_for_course
  . lms.djangoapps.grades.tasks.compute_grades_for_course_v2
  . lms.djangoapps.grades.tasks.recalculate_course_and_subsection_grades_for_user
  . lms.djangoapps.grades.tasks.recalculate_subsection_grade_v3
  . openedx.core.djangoapps.content.block_structure.tasks.get_course_in_cache
  . openedx.core.djangoapps.content.block_structure.tasks.get_course_in_cache_v2
  . openedx.core.djangoapps.content.block_structure.tasks.update_course_in_cache
  . openedx.core.djangoapps.content.block_structure.tasks.update_course_in_cache_v2
  . openedx.core.djangoapps.coursegraph.tasks.dump_course_to_neo4j
  . openedx.core.djangoapps.credit.tasks.update_credit_course_requirements
  . openedx.core.djangoapps.schedules.tasks.ScheduleCourseUpdate
  . openedx.core.djangoapps.schedules.tasks.ScheduleMessageBaseTask
  . openedx.core.djangoapps.schedules.tasks.ScheduleRecurringNudge
  . openedx.core.djangoapps.schedules.tasks.ScheduleUpgradeReminder
  . openedx.core.djangoapps.schedules.tasks._course_update_schedule_send
  . openedx.core.djangoapps.schedules.tasks._recurring_nudge_schedule_send
  . openedx.core.djangoapps.schedules.tasks._upgrade_reminder_schedule_send
  . openedx.core.djangoapps.schedules.tasks.update_course_schedules
  . openedx.core.djangoapps.service_status.tasks.delayed_ping
  . op[2020-05-20 05:54:37,201: INFO/MainProcess] Connected to amqp://bn_edx:**@127.0.0.1:5672//
[2020-05-20 05:54:37,242: INFO/MainProcess] mingle: searching for neighbors
[2020-05-20 05:54:38,293: INFO/MainProcess] mingle: sync with 3 nodes
[2020-05-20 05:54:38,295: INFO/MainProcess] mingle: sync complete
[2020-05-20 05:54:38,327: WARNING/MainProcess] celery@edx.cms.core.default.OPenEDX ready.
[2020-05-20 07:58:31,027: INFO/MainProcess] Received task: lms.djangoapps.discussion.tasks.update_discussions_map[4ff215cc-0126-4283-b1f5-72756009c937] eta:[2020-05-20 07:59:01.013159-04:00]
[2020-05-20 07:58:31,047: ERROR/MainProcess] Received unregistered task of type u'openedx.core.djangoapps.bookmarks.tasks.update_xblock_cache'.
The message has been ignored and discarded.

Did you remember to import the module containing this task?
Or maybe you are using relative imports?
Please see http://bit.ly/gLye1c for more information.

The full contents of the message body was:
{u'utc': True, u'chord': None, u'args': [u'course-v1:ReadyDev+CS002+CS002'], u'retries': 0, u'expires': None, u'task': u'openedx.core.djangoapps.bookmarks.tasks.update_xblock_cache', u'callbacks': None, u'errbacks': None, u'timelimit': [None, None], u'taskset': None, u'kwargs': {}, u'eta': None, u'id': u'1c49e20c-272d-46d6-beda-76a450446382'} (328b)
Traceback (most recent call last):
  File "/opt/bitnami/apps/edx/venvs/edxapp/lib/python2.7/site-packages/celery/worker/consumer.py", line 465, in on_task_received
    strategies[type_](message, body,
KeyError: u'openedx.core.djangoapps.bookmarks.tasks.update_xblock_cache'
[2020-05-20 07:58:32,942: INFO/MainProcess] Received task: lms.djangoapps.discussion.tasks.update_discussions_map[155cb93c-e3f9-4208-81f6-8c9d8b95269b] eta:[2020-05-20 07:59:02.928535-04:00]
[2020-05-20 07:58:32,959: ERROR/MainProcess] Received unregistered task of type u'openedx.core.djangoapps.bookmarks.tasks.update_xblock_cache'.
The message has been ignored and discarded.

Did you remember to import the module containing this task?
Or maybe you are using relative imports?
Please see http://bit.ly/gLye1c for more information.

The full contents of the message body was:
{u'utc': True, u'chord': None, u'args': [u'course-v1:ReadyDev+CS002+CS002'], u'retries': 0, u'expires': None, u'task': u'openedx.core.djangoapps.bookmarks.tasks.update_xblock_cache', u'callbacks': None, u'errbacks': None, u'timelimit': [None, None], u'taskset': None, u'kwargs': {}, u'eta': None, u'id': u'71eb6e8f-906d-49e0-8a9f-4ba4d9f829b6'} (328b)
Traceback (most recent call last):
  File "/opt/bitnami/apps/edx/venvs/edxapp/lib/python2.7/site-packages/celery/worker/consumer.py", line 465, in on_task_received
    strategies[type_](message, body,
KeyError: u'openedx.core.djangoapps.bookmarks.tasks.update_xblock_cache'
[2020-05-20 07:58:38,807: INFO/MainProcess] Received task: lms.djangoapps.discussion.tasks.update_discussions_map[a40df3d2-fcbd-4100-9b74-4eec58cf508b] eta:[2020-05-20 07:59:08.793188-04:00]
[2020-05-20 07:58:38,826: ERROR/MainProcess] Received unregistered task of type u'openedx.core.djangoapps.bookmarks.tasks.update_xblock_cache'.
The message has been ignored and discarded.

Did you remember to import the module containing this task?
Or maybe you are using relative imports?
Please see http://bit.ly/gLye1c for more information.

The full contents of the message body was:
{u'utc': True, u'chord': None, u'args': [u'course-v1:ReadyDev+CS002+CS002'], u'retries': 0, u'expires': None, u'task': u'openedx.core.djangoapps.bookmarks.tasks.update_xblock_cache', u'callbacks': None, u'errbacks': None, u'timelimit': [None, None], u'taskset': None, u'kwargs': {}, u'eta': None, u'id': u'3b8c4366-1075-4ad5-85fa-5ca0688372a3'} (328b)
Traceback (most recent call last):
  File "/opt/bitnami/apps/edx/venvs/edxapp/lib/python2.7/site-packages/celery/worker/consumer.py", line 465, in on_task_received
    strategies[type_](message, body,
KeyError: u'openedx.core.djangoapps.bookmarks.tasks.update_xblock_cache'
[2020-05-20 07:58:59,313: INFO/MainProcess] Received task: lms.djangoapps.discussion.tasks.update_discussions_map[66b4fd2e-1f43-4f7a-9684-1fa89ae7690c] eta:[2020-05-20 07:59:29.297526-04:00]
[2020-05-20 07:58:59,335: ERROR/MainProcess] Received unregistered task of type u'openedx.core.djangoapps.bookmarks.tasks.update_xblock_cache'.
The message has been ignored and discarded.

Did you remember to import the module containing this task?
Or maybe you are using relative imports?
Please see http://bit.ly/gLye1c for more information.

The full contents of the message body was:
{u'utc': True, u'chord': None, u'args': [u'course-v1:ReadyDev+CS002+CS002'], u'retries': 0, u'expires': None, u'task': u'openedx.core.djangoapps.bookmarks.tasks.update_xblock_cache', u'callbacks': None, u'errbacks': None, u'timelimit': [None, None], u'taskset': None, u'kwargs': {}, u'eta': None, u'id': u'527ea8e2-7f8d-4a1e-944f-cd0df220b9e3'} (328b)
Traceback (most recent call last):
  File "/opt/bitnami/apps/edx/venvs/edxapp/lib/python2.7/site-packages/celery/worker/consumer.py", line 465, in on_task_received
    strategies[type_](message, body,
KeyError: u'openedx.core.djangoapps.bookmarks.tasks.update_xblock_cache'
[2020-05-20 07:58:59,390: INFO/MainProcess] Received task: lms.djangoapps.discussion.tasks.update_discussions_map[b1ed3047-376f-4930-9975-fb6167518de7] eta:[2020-05-20 07:59:29.374911-04:00]
[2020-05-20 07:58:59,410: ERROR/MainProcess] Received unregistered task of type u'openedx.core.djangoapps.bookmarks.tasks.update_xblock_cache'.
The message has been ignored and discarded.

Did you remember to import the module containing this task?
Or maybe you are using relative imports?
Please see http://bit.ly/gLye1c for more information.

The full contents of the message body was:
{u'utc': True, u'chord': None, u'args': [u'course-v1:ReadyDev+CS002+CS002'], u'retries': 0, u'expires': None, u'task': u'openedx.core.djangoapps.bookmarks.tasks.update_xblock_cache', u'callbacks': None, u'errbacks': None, u'timelimit': [None, None], u'taskset': None, u'kwargs': {}, u'eta': None, u'id': u'241254f3-1f6a-454e-bec6-43412f2bfdb8'} (328b)
Traceback (most recent call last):
  File "/opt/bitnami/apps/edx/venvs/edxapp/lib/python2.7/site-packages/celery/worker/consumer.py", line 465, in on_task_received
    strategies[type_](message, body,
KeyError: u'openedx.core.djangoapps.bookmarks.tasks.update_xblock_cache'
[2020-05-20 07:59:02,451: INFO/MainProcess] Task lms.djangoapps.discussion.tasks.update_discussions_map[4ff215cc-0126-4283-b1f5-72756009c937] succeeded in 0.154694320998s: None
[2020-05-20 07:59:04,248: INFO/MainProcess] Task lms.djangoapps.discussion.tasks.update_discussions_map[155cb93c-e3f9-4208-81f6-8c9d8b95269b] succeeded in 0.0404954270052s: None
[2020-05-20 07:59:05,558: INFO/MainProcess] Received task: lms.djangoapps.discussion.tasks.update_discussions_map[50e732b4-48ff-445a-9145-5f7712f32708] eta:[2020-05-20 07:59:35.539483-04:00]
[2020-05-20 07:59:05,576: ERROR/MainProcess] Received unregistered task of type u'openedx.core.djangoapps.bookmarks.tasks.update_xblock_cache'.
The message has been ignored and discarded.

Did you remember to import the module containing this task?
Or maybe you are using relative imports?
Please see http://bit.ly/gLye1c for more information.

The full contents of the message body was:
{u'utc': True, u'chord': None, u'args': [u'course-v1:ReadyDev+CS002+CS002'], u'retries': 0, u'expires': None, u'task': u'openedx.core.djangoapps.bookmarks.tasks.update_xblock_cache', u'callbacks': None, u'errbacks': None, u'timelimit': [None, None], u'taskset': None, u'kwargs': {}, u'eta': None, u'id': u'ead85632-a8f7-4834-8bab-b2c139f18125'} (328b)
Traceback (most recent call last):
  File "/opt/bitnami/apps/edx/venvs/edxapp/lib/python2.7/site-packages/celery/worker/consumer.py", line 465, in on_task_received
    strategies[type_](message, body,
KeyError: u'openedx.core.djangoapps.bookmarks.tasks.update_xblock_cache'
[2020-05-20 07:59:09,232: INFO/MainProcess] Task lms.djangoapps.discussion.tasks.update_discussions_map[a40df3d2-fcbd-4100-9b74-4eec58cf508b] succeeded in 0.0238237570011s: None
[2020-05-20 07:59:10,048: INFO/MainProcess] Received task: lms.djangoapps.discussion.tasks.update_discussions_map[2d36914f-0ae5-4fcb-89bd-6766395591d2] eta:[2020-05-20 07:59:40.024903-04:00]
[2020-05-20 07:59:10,072: ERROR/MainProcess] Received unregistered task of type u'openedx.core.djangoapps.bookmarks.tasks.update_xblock_cache'.
The message has been ignored and discarded.

Did you remember to import the module containing this task?
Or maybe you are using relative imports?
Please see http://bit.ly/gLye1c for more information.

The full contents of the message body was:
{u'utc': True, u'chord': None, u'args': [u'course-v1:ReadyDev+CS002+CS002'], u'retries': 0, u'expires': None, u'task': u'openedx.core.djangoapps.bookmarks.tasks.update_xblock_cache', u'callbacks': None, u'errbacks': None, u'timelimit': [None, None], u'taskset': None, u'kwargs': {}, u'eta': None, u'id': u'af96f779-04e2-4d13-9567-f5a9a61d6fde'} (328b)
Traceback (most recent call last):
  File "/opt/bitnami/apps/edx/venvs/edxapp/lib/python2.7/site-packages/celery/worker/consumer.py", line 465, in on_task_received
    strategies[type_](message, body,
KeyError: u'openedx.core.djangoapps.bookmarks.tasks.update_xblock_cache'
[2020-05-20 07:59:10,276: INFO/MainProcess] Received task: lms.djangoapps.discussion.tasks.update_discussions_map[3b2e8a42-6980-4cc7-aee8-219128db7fb9] eta:[2020-05-20 07:59:40.261307-04:00]
[2020-05-20 07:59:10,296: ERROR/MainProcess] Received unregistered task of type u'openedx.core.djangoapps.bookmarks.tasks.update_xblock_cache'.
The message has been ignored and discarded.

Did you remember to import the module containing this task?
Or maybe you are using relative imports?
Please see http://bit.ly/gLye1c for more information.

The full contents of the message body was:
{u'utc': True, u'chord': None, u'args': [u'course-v1:ReadyDev+CS002+CS002'], u'retries': 0, u'expires': None, u'task': u'openedx.core.djangoapps.bookmarks.tasks.update_xblock_cache', u'callbacks': None, u'errbacks': None, u'timelimit': [None, None], u'taskset': None, u'kwargs': {}, u'eta': None, u'id': u'93031f2b-74c0-4e3c-bf57-38c0e7b9ddbc'} (328b)
Traceback (most recent call last):
  File "/opt/bitnami/apps/edx/venvs/edxapp/lib/python2.7/site-packages/celery/worker/consumer.py", line 465, in on_task_received
    strategies[type_](message, body,
KeyError: u'openedx.core.djangoapps.bookmarks.tasks.update_xblock_cache'
[2020-05-20 07:59:29,406: INFO/MainProcess] Task lms.djangoapps.discussion.tasks.update_discussions_map[66b4fd2e-1f43-4f7a-9684-1fa89ae7690c] succeeded in 0.0304523459999s: None
[2020-05-20 07:59:29,435: INFO/MainProcess] Task lms.djangoapps.discussion.tasks.update_discussions_map[b1ed3047-376f-4930-9975-fb6167518de7] succeeded in 0.0278513500016s: None
[2020-05-20 07:59:36,357: INFO/MainProcess] Task lms.djangoapps.discussion.tasks.update_discussions_map[50e732b4-48ff-445a-9145-5f7712f32708] succeeded in 0.0391095300001s: None
[2020-05-20 07:59:40,295: INFO/MainProcess] Task lms.djangoapps.discussion.tasks.update_discussions_map[2d36914f-0ae5-4fcb-89bd-6766395591d2] succeeded in 0.0325003410035s: None
[2020-05-20 07:59:40,326: INFO/MainProcess] Task lms.djangoapps.discussion.tasks.update_discussions_map[3b2e8a42-6980-4cc7-aee8-219128db7fb9] succeeded in 0.0296641469977s: None
[2020-05-20 08:00:17,490: INFO/MainProcess] Received task: lms.djangoapps.discussion.tasks.update_discussions_map[6b5dad88-936c-47fb-b1ba-61f7ececa75a] eta:[2020-05-20 08:00:47.475882-04:00]
[2020-05-20 08:00:17,510: ERROR/MainProcess] Received unregistered task of type u'openedx.core.djangoapps.bookmarks.tasks.update_xblock_cache'.
The message has been ignored and discarded.

Did you remember to import the module containing this task?
Or maybe you are using relative imports?
Please see http://bit.ly/gLye1c for more information.

The full contents of the message body was:
{u'utc': True, u'chord': None, u'args': [u'course-v1:ReadyDev+CS002+CS002'], u'retries': 0, u'expires': None, u'task': u'openedx.core.djangoapps.bookmarks.tasks.update_xblock_cache', u'callbacks': None, u'errbacks': None, u'timelimit': [None, None], u'taskset': None, u'kwargs': {}, u'eta': None, u'id': u'b76c647c-06b6-4cd3-8f65-cc30a876d1aa'} (328b)
Traceback (most recent call last):
  File "/opt/bitnami/apps/edx/venvs/edxapp/lib/python2.7/site-packages/celery/worker/consumer.py", line 465, in on_task_received
    strategies[type_](message, body,
KeyError: u'openedx.core.djangoapps.bookmarks.tasks.update_xblock_cache'
[2020-05-20 08:00:48,452: INFO/MainProcess] Task lms.djangoapps.discussion.tasks.update_discussions_map[6b5dad88-936c-47fb-b1ba-61f7ececa75a] succeeded in 0.0763895659984s: None
[2020-05-20 08:01:04,986: INFO/MainProcess] Received task: lms.djangoapps.discussion.tasks.update_discussions_map[3253cbcf-c558-40e7-a247-d99a4d5a22ea] eta:[2020-05-20 08:01:34.970101-04:00]
[2020-05-20 08:01:05,009: ERROR/MainProcess] Received unregistered task of type u'openedx.core.djangoapps.bookmarks.tasks.update_xblock_cache'.
The message has been ignored and discarded.

Did you remember to import the module containing this task?
Or maybe you are using relative imports?
Please see http://bit.ly/gLye1c for more information.

The full contents of the message body was:
{u'utc': True, u'chord': None, u'args': [u'course-v1:ReadyDev+CS002+CS002'], u'retries': 0, u'expires': None, u'task': u'openedx.core.djangoapps.bookmarks.tasks.update_xblock_cache', u'callbacks': None, u'errbacks': None, u'timelimit': [None, None], u'taskset': None, u'kwargs': {}, u'eta': None, u'id': u'8f6346f5-e924-4351-9b28-049c334552ee'} (328b)
Traceback (most recent call last):
  File "/opt/bitnami/apps/edx/venvs/edxapp/lib/python2.7/site-packages/celery/worker/consumer.py", line 465, in on_task_received
    strategies[type_](message, body,
KeyError: u'openedx.core.djangoapps.bookmarks.tasks.update_xblock_cache'
[2020-05-20 08:01:36,468: INFO/MainProcess] Task lms.djangoapps.discussion.tasks.update_discussions_map[3253cbcf-c558-40e7-a247-d99a4d5a22ea] succeeded in 0.0556239029975s: None
[2020-05-20 08:02:25,773: INFO/MainProcess] Received task: lms.djangoapps.discussion.tasks.update_discussions_map[663e0f50-91fe-49ff-9a20-b17bcaad3f26] eta:[2020-05-20 08:02:55.759084-04:00]
[2020-05-20 08:02:25,791: ERROR/MainProcess] Received unregistered task of type u'openedx.core.djangoapps.bookmarks.tasks.update_xblock_cache'.
The message has been ignored and discarded.

Did you remember to import the module containing this task?
Or maybe you are using relative imports?
Please see http://bit.ly/gLye1c for more information.

The full contents of the message body was:
{u'utc': True, u'chord': None, u'args': [u'course-v1:ReadyDev+CS002+CS002'], u'retries': 0, u'expires': None, u'task': u'openedx.core.djangoapps.bookmarks.tasks.update_xblock_cache', u'callbacks': None, u'errbacks': None, u'timelimit': [None, None], u'taskset': None, u'kwargs': {}, u'eta': None, u'id': u'40c337b8-a364-4501-b6c0-93f7eae459e1'} (328b)
Traceback (most recent call last):
  File "/opt/bitnami/apps/edx/venvs/edxapp/lib/python2.7/site-packages/celery/worker/consumer.py", line 465, in on_task_received
    strategies[type_](message, body,
KeyError: u'openedx.core.djangoapps.bookmarks.tasks.update_xblock_cache'
[2020-05-20 08:02:56,513: INFO/MainProcess] Task lms.djangoapps.discussion.tasks.update_discussions_map[663e0f50-91fe-49ff-9a20-b17bcaad3f26] succeeded in 0.0500006139991s: None
Killed
WARNING:py.warnings:/opt/bitnami/apps/edx/edx-platform/lms/djangoapps/courseware/__init__.py:5: DeprecationWarning: Importing 'lms.djangoapps.courseware' as 'courseware' is no longer supported
  warnings.warn("Importing 'lms.djangoapps.courseware' as 'courseware' is no longer supported", DeprecationWarning)

2020-05-20 08:14:58,701 WARNING 15063 [enterprise.utils] utils.py:50 - Could not import Registry from third_party_auth.provider
2020-05-20 08:14:58,701 WARNING 15063 [enterprise.utils] utils.py:51 - cannot import name EnterpriseCustomerUser
[2020-05-20 08:15:08,349: WARNING/MainProcess] /opt/bitnami/apps/edx/venvs/edxapp/lib/python2.7/site-packages/celery/apps/worker.py:161: CDeprecationWarning: 
Starting from version 3.2 Celery will refuse to accept pickle by default.

The pickle serializer is a security concern as it may give attackers
the ability to execute any command.  It's important to secure
your broker from unauthorized access when using pickle, so we think
that enabling pickle should require a deliberate action and not be
the default choice.

If you depend on pickle then you should set a setting to disable this
warning and to be sure that everything will continue working
when you upgrade to Celery 3.2::

    CELERY_ACCEPT_CONTENT = ['pickle', 'json', 'msgpack', 'yaml']

You must only enable the serializers that you will actually use.


  warnings.warn(CDeprecationWarning(W_PICKLE_DEPRECATED))

 
 -------------- celery@edx.cms.core.default.OPenEDX v3.1.25 (Cipater)
---- **** ----- 
--- * ***  * -- Linux-4.15.0-1077-azure-x86_64-with-debian-stretch-sid
-- * - **** --- 
- ** ---------- [config]
- ** ---------- .> app:         proj:0x7fe0b54b0dd0
- ** ---------- .> transport:   amqp://bn_edx:**@localhost:5672//
- ** ---------- .> results:     
- *** --- * --- .> concurrency: 1 (prefork)
-- ******* ---- 
--- ***** ----- [queues]
 -------------- .> edx.cms.core.default exchange=edx.cms.core(direct) key=edx.cms.core.default
                

[tasks]
  . celery_utils.tasks.mark_resolved
  . cms.djangoapps.contentstore.tasks.CourseExportTask
  . cms.djangoapps.contentstore.tasks.CourseImportTask
  . cms.djangoapps.contentstore.tasks.async_migrate_transcript
  . cms.djangoapps.contentstore.tasks.async_migrate_transcript_subtask
  . cms.djangoapps.contentstore.tasks.export_olx
  . cms.djangoapps.contentstore.tasks.import_olx
  . cms.djangoapps.contentstore.tasks.push_course_update_task
  . cms.djangoapps.contentstore.tasks.rerun_course
  . cms.djangoapps.contentstore.tasks.task_scrape_youtube_thumbnail
  . cms.djangoapps.contentstore.tasks.task_scrape_youtube_thumbnail_callback
  . cms.djangoapps.contentstore.tasks.task_status_callback
  . cms.djangoapps.contentstore.tasks.update_library_index
  . cms.djangoapps.contentstore.tasks.update_search_index
  . cms_user_tasks.tasks.send_task_complete_email
  . contentstore.tasks.CourseExportTask
  . contentstore.tasks.CourseImportTask
  . contentstore.tasks.async_migrate_transcript
  . contentstore.tasks.async_migrate_transcript_subtask
  . contentstore.tasks.export_olx
  . contentstore.tasks.import_olx
  . contentstore.tasks.push_course_update_task
  . contentstore.tasks.rerun_course
  . contentstore.tasks.task_scrape_youtube_thumbnail
  . contentstore.tasks.task_scrape_youtube_thumbnail_callback
  . contentstore.tasks.task_status_callback
  . contentstore.tasks.update_library_index
  . contentstore.tasks.update_search_index
  . edx_sga.tasks.zip_student_submissions
  . entitlements.tasks.expire_old_entitlements
  . integrated_channels.integrated_channel.tasks.transmit_content_metadata
  . integrated_channels.integrated_channel.tasks.transmit_learner_data
  . integrated_channels.integrated_channel.tasks.unlink_inactive_learners
  . lms.djangoapps.discussion.tasks.send_ace_message
  . lms.djangoapps.discussion.tasks.update_discussions_map
  . lms.djangoapps.email_marketing.tasks.get_email_cookies_via_sailthru
  . lms.djangoapps.email_marketing.tasks.update_course_enrollment
  . lms.djangoapps.email_marketing.tasks.update_user
  . lms.djangoapps.email_marketing.tasks.update_user_email
  . lms.djangoapps.grades.tasks.compute_all_grades_for_course
  . lms.djangoapps.grades.tasks.compute_grades_for_course
  . lms.djangoapps.grades.tasks.compute_grades_for_course_v2
  . lms.djangoapps.grades.tasks.recalculate_course_and_subsection_grades_for_user
  . lms.djangoapps.grades.tasks.recalculate_subsection_grade_v3
  . openedx.core.djangoapps.content.block_structure.tasks.get_course_in_cache
  . openedx.core.djangoapps.content.block_structure.tasks.get_course_in_cache_v2
  . openedx.core.djangoapps.content.block_structure.tasks.update_course_in_cache
  . openedx.core.djangoapps.content.block_structure.tasks.update_course_in_cache_v2
  . openedx.core.djangoapps.coursegraph.tasks.dump_course_to_neo4j
  . openedx.core.djangoapps.credit.tasks.update_credit_course_requirements
  . openedx.core.djangoapps.schedules.tasks.ScheduleCourseUpdate
  . openedx.core.djangoapps.schedules.tasks.ScheduleMessageBaseTask
  . openedx.core.djangoapps.schedules.tasks.ScheduleRecurringNudge
  . openedx.core.djangoapps.schedules.tasks.ScheduleUpgradeReminder
  . openedx.core.djangoapps.schedules.tasks._course_update_schedule_send
  . openedx.core.djangoapps.schedules.tasks._recurring_nudge_schedule_send
  . openedx.core.djangoapps.schedules.tasks._upgrade_reminder_schedule_send
  . openedx.core.djangoapps.schedules.tasks.update_course_schedules
  . openedx.core.djangoapps.service_status.tasks.delayed_ping
  . op[2020-05-20 08:15:08,683: INFO/MainProcess] Connected to amqp://bn_edx:**@127.0.0.1:5672//
[2020-05-20 08:15:08,716: INFO/MainProcess] mingle: searching for neighbors
[2020-05-20 08:15:09,761: INFO/MainProcess] mingle: sync with 1 nodes
[2020-05-20 08:15:09,763: INFO/MainProcess] mingle: sync complete
[2020-05-20 08:15:09,790: WARNING/MainProcess] celery@edx.cms.core.default.OPenEDX ready.
Killed
WARNING:py.warnings:/opt/bitnami/apps/edx/edx-platform/lms/djangoapps/courseware/__init__.py:5: DeprecationWarning: Importing 'lms.djangoapps.courseware' as 'courseware' is no longer supported
  warnings.warn("Importing 'lms.djangoapps.courseware' as 'courseware' is no longer supported", DeprecationWarning)

2020-05-21 04:39:44,589 WARNING 28260 [enterprise.utils] utils.py:50 - Could not import Registry from third_party_auth.provider
2020-05-21 04:39:44,589 WARNING 28260 [enterprise.utils] utils.py:51 - cannot import name EnterpriseCustomerUser
[2020-05-21 04:39:56,070: WARNING/MainProcess] /opt/bitnami/apps/edx/venvs/edxapp/lib/python2.7/site-packages/celery/apps/worker.py:161: CDeprecationWarning: 
Starting from version 3.2 Celery will refuse to accept pickle by default.

The pickle serializer is a security concern as it may give attackers
the ability to execute any command.  It's important to secure
your broker from unauthorized access when using pickle, so we think
that enabling pickle should require a deliberate action and not be
the default choice.

If you depend on pickle then you should set a setting to disable this
warning and to be sure that everything will continue working
when you upgrade to Celery 3.2::

    CELERY_ACCEPT_CONTENT = ['pickle', 'json', 'msgpack', 'yaml']

You must only enable the serializers that you will actually use.


  warnings.warn(CDeprecationWarning(W_PICKLE_DEPRECATED))

 
 -------------- celery@edx.cms.core.default.OPenEDX v3.1.25 (Cipater)
---- **** ----- 
--- * ***  * -- Linux-4.15.0-1077-azure-x86_64-with-debian-stretch-sid
-- * - **** --- 
- ** ---------- [config]
- ** ---------- .> app:         proj:0x7faa4e1b8e10
- ** ---------- .> transport:   amqp://bn_edx:**@localhost:5672//
- ** ---------- .> results:     
- *** --- * --- .> concurrency: 1 (prefork)
-- ******* ---- 
--- ***** ----- [queues]
 -------------- .> edx.cms.core.default exchange=edx.cms.core(direct) key=edx.cms.core.default
                

[tasks]
  . celery_utils.tasks.mark_resolved
  . cms.djangoapps.contentstore.tasks.CourseExportTask
  . cms.djangoapps.contentstore.tasks.CourseImportTask
  . cms.djangoapps.contentstore.tasks.async_migrate_transcript
  . cms.djangoapps.contentstore.tasks.async_migrate_transcript_subtask
  . cms.djangoapps.contentstore.tasks.export_olx
  . cms.djangoapps.contentstore.tasks.import_olx
  . cms.djangoapps.contentstore.tasks.push_course_update_task
  . cms.djangoapps.contentstore.tasks.rerun_course
  . cms.djangoapps.contentstore.tasks.task_scrape_youtube_thumbnail
  . cms.djangoapps.contentstore.tasks.task_scrape_youtube_thumbnail_callback
  . cms.djangoapps.contentstore.tasks.task_status_callback
  . cms.djangoapps.contentstore.tasks.update_library_index
  . cms.djangoapps.contentstore.tasks.update_search_index
  . cms_user_tasks.tasks.send_task_complete_email
  . contentstore.tasks.CourseExportTask
  . contentstore.tasks.CourseImportTask
  . contentstore.tasks.async_migrate_transcript
  . contentstore.tasks.async_migrate_transcript_subtask
  . contentstore.tasks.export_olx
  . contentstore.tasks.import_olx
  . contentstore.tasks.push_course_update_task
  . contentstore.tasks.rerun_course
  . contentstore.tasks.task_scrape_youtube_thumbnail
  . contentstore.tasks.task_scrape_youtube_thumbnail_callback
  . contentstore.tasks.task_status_callback
  . contentstore.tasks.update_library_index
  . contentstore.tasks.update_search_index
  . edx_sga.tasks.zip_student_submissions
  . entitlements.tasks.expire_old_entitlements
  . integrated_channels.integrated_channel.tasks.transmit_content_metadata
  . integrated_channels.integrated_channel.tasks.transmit_learner_data
  . integrated_channels.integrated_channel.tasks.unlink_inactive_learners
  . lms.djangoapps.discussion.tasks.send_ace_message
  . lms.djangoapps.discussion.tasks.update_discussions_map
  . lms.djangoapps.email_marketing.tasks.get_email_cookies_via_sailthru
  . lms.djangoapps.email_marketing.tasks.update_course_enrollment
  . lms.djangoapps.email_marketing.tasks.update_user
  . lms.djangoapps.email_marketing.tasks.update_user_email
  . lms.djangoapps.grades.tasks.compute_all_grades_for_course
  . lms.djangoapps.grades.tasks.compute_grades_for_course
  . lms.djangoapps.grades.tasks.compute_grades_for_course_v2
  . lms.djangoapps.grades.tasks.recalculate_course_and_subsection_grades_for_user
  . lms.djangoapps.grades.tasks.recalculate_subsection_grade_v3
  . openedx.core.djangoapps.content.block_structure.tasks.get_course_in_cache
  . openedx.core.djangoapps.content.block_structure.tasks.get_course_in_cache_v2
  . openedx.core.djangoapps.content.block_structure.tasks.update_course_in_cache
  . openedx.core.djangoapps.content.block_structure.tasks.update_course_in_cache_v2
  . openedx.core.djangoapps.coursegraph.tasks.dump_course_to_neo4j
  . openedx.core.djangoapps.credit.tasks.update_credit_course_requirements
  . openedx.core.djangoapps.schedules.tasks.ScheduleCourseUpdate
  . openedx.core.djangoapps.schedules.tasks.ScheduleMessageBaseTask
  . openedx.core.djangoapps.schedules.tasks.ScheduleRecurringNudge
  . openedx.core.djangoapps.schedules.tasks.ScheduleUpgradeReminder
  . openedx.core.djangoapps.schedules.tasks._course_update_schedule_send
  . openedx.core.djangoapps.schedules.tasks._recurring_nudge_schedule_send
  . openedx.core.djangoapps.schedules.tasks._upgrade_reminder_schedule_send
  . openedx.core.djangoapps.schedules.tasks.update_course_schedules
  . openedx.core.djangoapps.service_status.tasks.delayed_ping
  . op[2020-05-21 04:39:56,441: INFO/MainProcess] Connected to amqp://bn_edx:**@127.0.0.1:5672//
[2020-05-21 04:39:56,469: INFO/MainProcess] mingle: searching for neighbors
[2020-05-21 04:39:57,513: INFO/MainProcess] mingle: sync with 3 nodes
[2020-05-21 04:39:57,515: INFO/MainProcess] mingle: sync complete
[2020-05-21 04:39:57,552: WARNING/MainProcess] celery@edx.cms.core.default.OPenEDX ready.
Killed
WARNING:py.warnings:/opt/bitnami/apps/edx/edx-platform/lms/djangoapps/courseware/__init__.py:5: DeprecationWarning: Importing 'lms.djangoapps.courseware' as 'courseware' is no longer supported
  warnings.warn("Importing 'lms.djangoapps.courseware' as 'courseware' is no longer supported", DeprecationWarning)

2020-05-21 04:44:09,954 WARNING 29831 [enterprise.utils] utils.py:50 - Could not import Registry from third_party_auth.provider
2020-05-21 04:44:09,954 WARNING 29831 [enterprise.utils] utils.py:51 - cannot import name EnterpriseCustomerUser
[2020-05-21 04:44:19,470: WARNING/MainProcess] /opt/bitnami/apps/edx/venvs/edxapp/lib/python2.7/site-packages/celery/apps/worker.py:161: CDeprecationWarning: 
Starting from version 3.2 Celery will refuse to accept pickle by default.

The pickle serializer is a security concern as it may give attackers
the ability to execute any command.  It's important to secure
your broker from unauthorized access when using pickle, so we think
that enabling pickle should require a deliberate action and not be
the default choice.

If you depend on pickle then you should set a setting to disable this
warning and to be sure that everything will continue working
when you upgrade to Celery 3.2::

    CELERY_ACCEPT_CONTENT = ['pickle', 'json', 'msgpack', 'yaml']

You must only enable the serializers that you will actually use.


  warnings.warn(CDeprecationWarning(W_PICKLE_DEPRECATED))

 
 -------------- celery@edx.cms.core.default.OPenEDX v3.1.25 (Cipater)
---- **** ----- 
--- * ***  * -- Linux-4.15.0-1077-azure-x86_64-with-debian-stretch-sid
-- * - **** --- 
- ** ---------- [config]
- ** ---------- .> app:         proj:0x7f52b9020e10
- ** ---------- .> transport:   amqp://bn_edx:**@localhost:5672//
- ** ---------- .> results:     
- *** --- * --- .> concurrency: 1 (prefork)
-- ******* ---- 
--- ***** ----- [queues]
 -------------- .> edx.cms.core.default exchange=edx.cms.core(direct) key=edx.cms.core.default
                

[tasks]
  . celery_utils.tasks.mark_resolved
  . cms.djangoapps.contentstore.tasks.CourseExportTask
  . cms.djangoapps.contentstore.tasks.CourseImportTask
  . cms.djangoapps.contentstore.tasks.async_migrate_transcript
  . cms.djangoapps.contentstore.tasks.async_migrate_transcript_subtask
  . cms.djangoapps.contentstore.tasks.export_olx
  . cms.djangoapps.contentstore.tasks.import_olx
  . cms.djangoapps.contentstore.tasks.push_course_update_task
  . cms.djangoapps.contentstore.tasks.rerun_course
  . cms.djangoapps.contentstore.tasks.task_scrape_youtube_thumbnail
  . cms.djangoapps.contentstore.tasks.task_scrape_youtube_thumbnail_callback
  . cms.djangoapps.contentstore.tasks.task_status_callback
  . cms.djangoapps.contentstore.tasks.update_library_index
  . cms.djangoapps.contentstore.tasks.update_search_index
  . cms_user_tasks.tasks.send_task_complete_email
  . contentstore.tasks.CourseExportTask
  . contentstore.tasks.CourseImportTask
  . contentstore.tasks.async_migrate_transcript
  . contentstore.tasks.async_migrate_transcript_subtask
  . contentstore.tasks.export_olx
  . contentstore.tasks.import_olx
  . contentstore.tasks.push_course_update_task
  . contentstore.tasks.rerun_course
  . contentstore.tasks.task_scrape_youtube_thumbnail
  . contentstore.tasks.task_scrape_youtube_thumbnail_callback
  . contentstore.tasks.task_status_callback
  . contentstore.tasks.update_library_index
  . contentstore.tasks.update_search_index
  . edx_sga.tasks.zip_student_submissions
  . entitlements.tasks.expire_old_entitlements
  . integrated_channels.integrated_channel.tasks.transmit_content_metadata
  . integrated_channels.integrated_channel.tasks.transmit_learner_data
  . integrated_channels.integrated_channel.tasks.unlink_inactive_learners
  . lms.djangoapps.discussion.tasks.send_ace_message
  . lms.djangoapps.discussion.tasks.update_discussions_map
  . lms.djangoapps.email_marketing.tasks.get_email_cookies_via_sailthru
  . lms.djangoapps.email_marketing.tasks.update_course_enrollment
  . lms.djangoapps.email_marketing.tasks.update_user
  . lms.djangoapps.email_marketing.tasks.update_user_email
  . lms.djangoapps.grades.tasks.compute_all_grades_for_course
  . lms.djangoapps.grades.tasks.compute_grades_for_course
  . lms.djangoapps.grades.tasks.compute_grades_for_course_v2
  . lms.djangoapps.grades.tasks.recalculate_course_and_subsection_grades_for_user
  . lms.djangoapps.grades.tasks.recalculate_subsection_grade_v3
  . openedx.core.djangoapps.content.block_structure.tasks.get_course_in_cache
  . openedx.core.djangoapps.content.block_structure.tasks.get_course_in_cache_v2
  . openedx.core.djangoapps.content.block_structure.tasks.update_course_in_cache
  . openedx.core.djangoapps.content.block_structure.tasks.update_course_in_cache_v2
  . openedx.core.djangoapps.coursegraph.tasks.dump_course_to_neo4j
  . openedx.core.djangoapps.credit.tasks.update_credit_course_requirements
  . openedx.core.djangoapps.schedules.tasks.ScheduleCourseUpdate
  . openedx.core.djangoapps.schedules.tasks.ScheduleMessageBaseTask
  . openedx.core.djangoapps.schedules.tasks.ScheduleRecurringNudge
  . openedx.core.djangoapps.schedules.tasks.ScheduleUpgradeReminder
  . openedx.core.djangoapps.schedules.tasks._course_update_schedule_send
  . openedx.core.djangoapps.schedules.tasks._recurring_nudge_schedule_send
  . openedx.core.djangoapps.schedules.tasks._upgrade_reminder_schedule_send
  . openedx.core.djangoapps.schedules.tasks.update_course_schedules
  . openedx.core.djangoapps.service_status.tasks.delayed_ping
  . op[2020-05-21 04:44:19,824: INFO/MainProcess] Connected to amqp://bn_edx:**@127.0.0.1:5672//
[2020-05-21 04:44:19,853: INFO/MainProcess] mingle: searching for neighbors
[2020-05-21 04:44:20,901: INFO/MainProcess] mingle: sync with 2 nodes
[2020-05-21 04:44:20,903: INFO/MainProcess] mingle: sync complete
[2020-05-21 04:44:20,923: WARNING/MainProcess] celery@edx.cms.core.default.OPenEDX ready.
Killed
WARNING:py.warnings:/opt/bitnami/apps/edx/edx-platform/lms/djangoapps/courseware/__init__.py:5: DeprecationWarning: Importing 'lms.djangoapps.courseware' as 'courseware' is no longer supported
  warnings.warn("Importing 'lms.djangoapps.courseware' as 'courseware' is no longer supported", DeprecationWarning)

2020-05-21 05:21:02,300 WARNING 36175 [enterprise.utils] utils.py:50 - Could not import Registry from third_party_auth.provider
2020-05-21 05:21:02,300 WARNING 36175 [enterprise.utils] utils.py:51 - cannot import name EnterpriseCustomerUser
[2020-05-21 05:21:13,746: WARNING/MainProcess] /opt/bitnami/apps/edx/venvs/edxapp/lib/python2.7/site-packages/celery/apps/worker.py:161: CDeprecationWarning: 
Starting from version 3.2 Celery will refuse to accept pickle by default.

The pickle serializer is a security concern as it may give attackers
the ability to execute any command.  It's important to secure
your broker from unauthorized access when using pickle, so we think
that enabling pickle should require a deliberate action and not be
the default choice.

If you depend on pickle then you should set a setting to disable this
warning and to be sure that everything will continue working
when you upgrade to Celery 3.2::

    CELERY_ACCEPT_CONTENT = ['pickle', 'json', 'msgpack', 'yaml']

You must only enable the serializers that you will actually use.


  warnings.warn(CDeprecationWarning(W_PICKLE_DEPRECATED))

 
 -------------- celery@edx.cms.core.default.OPenEDX v3.1.25 (Cipater)
---- **** ----- 
--- * ***  * -- Linux-4.15.0-1077-azure-x86_64-with-debian-stretch-sid
-- * - **** --- 
- ** ---------- [config]
- ** ---------- .> app:         proj:0x7fefa0329e10
- ** ---------- .> transport:   amqp://bn_edx:**@localhost:5672//
- ** ---------- .> results:     
- *** --- * --- .> concurrency: 1 (prefork)
-- ******* ---- 
--- ***** ----- [queues]
 -------------- .> edx.cms.core.default exchange=edx.cms.core(direct) key=edx.cms.core.default
                

[tasks]
  . celery_utils.tasks.mark_resolved
  . cms.djangoapps.contentstore.tasks.CourseExportTask
  . cms.djangoapps.contentstore.tasks.CourseImportTask
  . cms.djangoapps.contentstore.tasks.async_migrate_transcript
  . cms.djangoapps.contentstore.tasks.async_migrate_transcript_subtask
  . cms.djangoapps.contentstore.tasks.export_olx
  . cms.djangoapps.contentstore.tasks.import_olx
  . cms.djangoapps.contentstore.tasks.push_course_update_task
  . cms.djangoapps.contentstore.tasks.rerun_course
  . cms.djangoapps.contentstore.tasks.task_scrape_youtube_thumbnail
  . cms.djangoapps.contentstore.tasks.task_scrape_youtube_thumbnail_callback
  . cms.djangoapps.contentstore.tasks.task_status_callback
  . cms.djangoapps.contentstore.tasks.update_library_index
  . cms.djangoapps.contentstore.tasks.update_search_index
  . cms_user_tasks.tasks.send_task_complete_email
  . contentstore.tasks.CourseExportTask
  . contentstore.tasks.CourseImportTask
  . contentstore.tasks.async_migrate_transcript
  . contentstore.tasks.async_migrate_transcript_subtask
  . contentstore.tasks.export_olx
  . contentstore.tasks.import_olx
  . contentstore.tasks.push_course_update_task
  . contentstore.tasks.rerun_course
  . contentstore.tasks.task_scrape_youtube_thumbnail
  . contentstore.tasks.task_scrape_youtube_thumbnail_callback
  . contentstore.tasks.task_status_callback
  . contentstore.tasks.update_library_index
  . contentstore.tasks.update_search_index
  . edx_sga.tasks.zip_student_submissions
  . entitlements.tasks.expire_old_entitlements
  . integrated_channels.integrated_channel.tasks.transmit_content_metadata
  . integrated_channels.integrated_channel.tasks.transmit_learner_data
  . integrated_channels.integrated_channel.tasks.unlink_inactive_learners
  . lms.djangoapps.discussion.tasks.send_ace_message
  . lms.djangoapps.discussion.tasks.update_discussions_map
  . lms.djangoapps.email_marketing.tasks.get_email_cookies_via_sailthru
  . lms.djangoapps.email_marketing.tasks.update_course_enrollment
  . lms.djangoapps.email_marketing.tasks.update_user
  . lms.djangoapps.email_marketing.tasks.update_user_email
  . lms.djangoapps.grades.tasks.compute_all_grades_for_course
  . lms.djangoapps.grades.tasks.compute_grades_for_course
  . lms.djangoapps.grades.tasks.compute_grades_for_course_v2
  . lms.djangoapps.grades.tasks.recalculate_course_and_subsection_grades_for_user
  . lms.djangoapps.grades.tasks.recalculate_subsection_grade_v3
  . openedx.core.djangoapps.content.block_structure.tasks.get_course_in_cache
  . openedx.core.djangoapps.content.block_structure.tasks.get_course_in_cache_v2
  . openedx.core.djangoapps.content.block_structure.tasks.update_course_in_cache
  . openedx.core.djangoapps.content.block_structure.tasks.update_course_in_cache_v2
  . openedx.core.djangoapps.coursegraph.tasks.dump_course_to_neo4j
  . openedx.core.djangoapps.credit.tasks.update_credit_course_requirements
  . openedx.core.djangoapps.schedules.tasks.ScheduleCourseUpdate
  . openedx.core.djangoapps.schedules.tasks.ScheduleMessageBaseTask
  . openedx.core.djangoapps.schedules.tasks.ScheduleRecurringNudge
  . openedx.core.djangoapps.schedules.tasks.ScheduleUpgradeReminder
  . openedx.core.djangoapps.schedules.tasks._course_update_schedule_send
  . openedx.core.djangoapps.schedules.tasks._recurring_nudge_schedule_send
  . openedx.core.djangoapps.schedules.tasks._upgrade_reminder_schedule_send
  . openedx.core.djangoapps.schedules.tasks.update_course_schedules
  . openedx.core.djangoapps.service_status.tasks.delayed_ping
  . op[2020-05-21 05:21:14,255: INFO/MainProcess] Connected to amqp://bn_edx:**@127.0.0.1:5672//
[2020-05-21 05:21:14,289: INFO/MainProcess] mingle: searching for neighbors
[2020-05-21 05:21:15,335: INFO/MainProcess] mingle: sync with 3 nodes
[2020-05-21 05:21:15,337: INFO/MainProcess] mingle: sync complete
[2020-05-21 05:21:15,364: WARNING/MainProcess] celery@edx.cms.core.default.OPenEDX ready.
